GAS LISTING /tmp/ccY4MOaj.s 			page 1


   1              		.file	"Buffer.cpp"
   2              		.option pic
   3              		.option norelax
   4              		.text
   5              	.Ltext0:
   6              		.align	2
   7              		.globl	_ZN7_BufferC2Ev
   9              	_ZN7_BufferC2Ev:
  10              	.LFB78:
  11              		.file 1 "src/Buffer.cpp"
   1:src/Buffer.cpp **** //
   2:src/Buffer.cpp **** // Created by os on 8/10/22.
   3:src/Buffer.cpp **** //
   4:src/Buffer.cpp **** #include "../h/Buffer.hpp"
   5:src/Buffer.cpp **** 
   6:src/Buffer.cpp **** _Buffer::_Buffer() {
  12              		.loc 1 6 1
  13              		.cfi_startproc
  14              		.cfi_personality 0x9b,DW.ref.__gxx_personality_v0
  15              		.cfi_lsda 0x1b,.LLSDA78
  16              	.LVL0:
  17 0000 130101FE 		addi	sp,sp,-32
  18              		.cfi_def_cfa_offset 32
  19 0004 233C1100 		sd	ra,24(sp)
  20 0008 23388100 		sd	s0,16(sp)
  21 000c 23349100 		sd	s1,8(sp)
  22 0010 23302101 		sd	s2,0(sp)
  23              		.cfi_offset 1, -8
  24              		.cfi_offset 8, -16
  25              		.cfi_offset 9, -24
  26              		.cfi_offset 18, -32
  27 0014 13040102 		addi	s0,sp,32
  28              		.cfi_def_cfa 8, 0
  29 0018 93040500 		mv	s1,a0
  30              	.LBB15:
   7:src/Buffer.cpp ****     head=0;
  31              		.loc 1 7 5
  32              		.loc 1 7 9 is_stmt 0
  33 001c 23220512 		sw	zero,292(a0)
   8:src/Buffer.cpp ****     tail=0;
  34              		.loc 1 8 5 is_stmt 1
  35              		.loc 1 8 9 is_stmt 0
  36 0020 23240512 		sw	zero,296(a0)
   9:src/Buffer.cpp ****     slot=BUFFER_SIZE;
  37              		.loc 1 9 5 is_stmt 1
  38              		.loc 1 9 9 is_stmt 0
  39 0024 93070010 		li	a5,256
  40 0028 2326F512 		sw	a5,300(a0)
  10:src/Buffer.cpp ****     size=0;
  41              		.loc 1 10 5 is_stmt 1
  42              		.loc 1 10 9 is_stmt 0
  43 002c 23200512 		sw	zero,288(a0)
  11:src/Buffer.cpp **** 
  12:src/Buffer.cpp ****     new _sem(&empty,slot);
  44              		.loc 1 12 5 is_stmt 1
  45              		.loc 1 12 25 is_stmt 0
  46 0030 13050001 		li	a0,16
GAS LISTING /tmp/ccY4MOaj.s 			page 2


  47              	.LVL1:
  48              	.LEHB0:
  49 0034 97000000 		call	_ZN4_semnwEm@plt
  49      E7800000 
  50              	.LVL2:
  51              	.LEHE0:
  52 003c 13090500 		mv	s2,a0
  53 0040 03A6C412 		lw	a2,300(s1)
  54 0044 93850401 		addi	a1,s1,16
  55              	.LEHB1:
  56 0048 97000000 		call	_ZN4_semC1EPPS_j@plt
  56      E7800000 
  57              	.LVL3:
  58              	.LEHE1:
  13:src/Buffer.cpp ****     new _sem(&full,0);
  59              		.loc 1 13 5 is_stmt 1
  60              		.loc 1 13 21 is_stmt 0
  61 0050 13050001 		li	a0,16
  62              	.LEHB2:
  63 0054 97000000 		call	_ZN4_semnwEm@plt
  63      E7800000 
  64              	.LVL4:
  65              	.LEHE2:
  66 005c 13090500 		mv	s2,a0
  67 0060 13060000 		li	a2,0
  68 0064 93858401 		addi	a1,s1,24
  69              	.LEHB3:
  70 0068 97000000 		call	_ZN4_semC1EPPS_j@plt
  70      E7800000 
  71              	.LVL5:
  72              	.LEHE3:
  14:src/Buffer.cpp ****     new _sem(&mutexE,1);
  73              		.loc 1 14 5 is_stmt 1
  74              		.loc 1 14 23 is_stmt 0
  75 0070 13050001 		li	a0,16
  76              	.LEHB4:
  77 0074 97000000 		call	_ZN4_semnwEm@plt
  77      E7800000 
  78              	.LVL6:
  79              	.LEHE4:
  80 007c 13090500 		mv	s2,a0
  81 0080 13061000 		li	a2,1
  82 0084 93850400 		mv	a1,s1
  83              	.LEHB5:
  84 0088 97000000 		call	_ZN4_semC1EPPS_j@plt
  84      E7800000 
  85              	.LVL7:
  86              	.LEHE5:
  15:src/Buffer.cpp ****     new _sem(&mutexF,1);
  87              		.loc 1 15 5 is_stmt 1
  88              		.loc 1 15 23 is_stmt 0
  89 0090 13050001 		li	a0,16
  90              	.LEHB6:
  91 0094 97000000 		call	_ZN4_semnwEm@plt
  91      E7800000 
  92              	.LVL8:
  93              	.LEHE6:
GAS LISTING /tmp/ccY4MOaj.s 			page 3


  94 009c 13090500 		mv	s2,a0
  95 00a0 13061000 		li	a2,1
  96 00a4 93858400 		addi	a1,s1,8
  97              	.LEHB7:
  98 00a8 97000000 		call	_ZN4_semC1EPPS_j@plt
  98      E7800000 
  99              	.LVL9:
 100              	.LEHE7:
 101 00b0 6F004007 		j	.L12
 102              	.L6:
 103 00b4 93040500 		mv	s1,a0
 104              	.LVL10:
  12:src/Buffer.cpp ****     new _sem(&full,0);
 105              		.loc 1 12 25
 106 00b8 13050900 		mv	a0,s2
 107 00bc 97000000 		call	_ZN4_semdlEPv@plt
 107      E7800000 
 108              	.LVL11:
 109 00c4 13850400 		mv	a0,s1
 110              	.LEHB8:
 111 00c8 97000000 		call	_Unwind_Resume@plt
 111      E7800000 
 112              	.LVL12:
 113              	.LEHE8:
 114              	.L7:
 115 00d0 93040500 		mv	s1,a0
 116              	.LVL13:
  13:src/Buffer.cpp ****     new _sem(&mutexE,1);
 117              		.loc 1 13 21
 118 00d4 13050900 		mv	a0,s2
 119 00d8 97000000 		call	_ZN4_semdlEPv@plt
 119      E7800000 
 120              	.LVL14:
 121 00e0 13850400 		mv	a0,s1
 122              	.LEHB9:
 123 00e4 97000000 		call	_Unwind_Resume@plt
 123      E7800000 
 124              	.LVL15:
 125              	.LEHE9:
 126              	.L8:
 127 00ec 93040500 		mv	s1,a0
 128              	.LVL16:
  14:src/Buffer.cpp ****     new _sem(&mutexF,1);
 129              		.loc 1 14 23
 130 00f0 13050900 		mv	a0,s2
 131 00f4 97000000 		call	_ZN4_semdlEPv@plt
 131      E7800000 
 132              	.LVL17:
 133 00fc 13850400 		mv	a0,s1
 134              	.LEHB10:
 135 0100 97000000 		call	_Unwind_Resume@plt
 135      E7800000 
 136              	.LVL18:
 137              	.LEHE10:
 138              	.L9:
 139 0108 93040500 		mv	s1,a0
 140              	.LVL19:
GAS LISTING /tmp/ccY4MOaj.s 			page 4


 141              		.loc 1 15 23
 142 010c 13050900 		mv	a0,s2
 143 0110 97000000 		call	_ZN4_semdlEPv@plt
 143      E7800000 
 144              	.LVL20:
 145 0118 13850400 		mv	a0,s1
 146              	.LEHB11:
 147 011c 97000000 		call	_Unwind_Resume@plt
 147      E7800000 
 148              	.LVL21:
 149              	.LEHE11:
 150              	.L12:
 151              	.LBE15:
  16:src/Buffer.cpp **** }
 152              		.loc 1 16 1
 153 0124 83308101 		ld	ra,24(sp)
 154              		.cfi_restore 1
 155 0128 03340101 		ld	s0,16(sp)
 156              		.cfi_restore 8
 157              		.cfi_def_cfa 2, 32
 158 012c 83348100 		ld	s1,8(sp)
 159              		.cfi_restore 9
 160              	.LVL22:
 161 0130 03390100 		ld	s2,0(sp)
 162              		.cfi_restore 18
 163 0134 13010102 		addi	sp,sp,32
 164              		.cfi_def_cfa_offset 0
 165 0138 67800000 		jr	ra
 166              		.cfi_endproc
 167              	.LFE78:
 168              		.globl	__gxx_personality_v0
 169              		.section	.gcc_except_table,"a",@progbits
 170              	.LLSDA78:
 171 0000 FF       		.byte	0xff
 172 0001 FF       		.byte	0xff
 173 0002 03       		.byte	0x3
 174 0003 9C01     		.byte	0x9c,0x1
 175 0005 00000000 		.4byte	.LEHB0-.LFB78
 176 0009 00000000 		.4byte	.LEHE0-.LEHB0
 177 000d 00000000 		.4byte	0
 178 0011 00       		.byte	0
 179 0012 00000000 		.4byte	.LEHB1-.LFB78
 180 0016 00000000 		.4byte	.LEHE1-.LEHB1
 181 001a 00000000 		.4byte	.L6-.LFB78
 182 001e 00       		.byte	0
 183 001f 00000000 		.4byte	.LEHB2-.LFB78
 184 0023 00000000 		.4byte	.LEHE2-.LEHB2
 185 0027 00000000 		.4byte	0
 186 002b 00       		.byte	0
 187 002c 00000000 		.4byte	.LEHB3-.LFB78
 188 0030 00000000 		.4byte	.LEHE3-.LEHB3
 189 0034 00000000 		.4byte	.L7-.LFB78
 190 0038 00       		.byte	0
 191 0039 00000000 		.4byte	.LEHB4-.LFB78
 192 003d 00000000 		.4byte	.LEHE4-.LEHB4
 193 0041 00000000 		.4byte	0
 194 0045 00       		.byte	0
GAS LISTING /tmp/ccY4MOaj.s 			page 5


 195 0046 00000000 		.4byte	.LEHB5-.LFB78
 196 004a 00000000 		.4byte	.LEHE5-.LEHB5
 197 004e 00000000 		.4byte	.L8-.LFB78
 198 0052 00       		.byte	0
 199 0053 00000000 		.4byte	.LEHB6-.LFB78
 200 0057 00000000 		.4byte	.LEHE6-.LEHB6
 201 005b 00000000 		.4byte	0
 202 005f 00       		.byte	0
 203 0060 00000000 		.4byte	.LEHB7-.LFB78
 204 0064 00000000 		.4byte	.LEHE7-.LEHB7
 205 0068 00000000 		.4byte	.L9-.LFB78
 206 006c 00       		.byte	0
 207 006d 00000000 		.4byte	.LEHB8-.LFB78
 208 0071 00000000 		.4byte	.LEHE8-.LEHB8
 209 0075 00000000 		.4byte	0
 210 0079 00       		.byte	0
 211 007a 00000000 		.4byte	.LEHB9-.LFB78
 212 007e 00000000 		.4byte	.LEHE9-.LEHB9
 213 0082 00000000 		.4byte	0
 214 0086 00       		.byte	0
 215 0087 00000000 		.4byte	.LEHB10-.LFB78
 216 008b 00000000 		.4byte	.LEHE10-.LEHB10
 217 008f 00000000 		.4byte	0
 218 0093 00       		.byte	0
 219 0094 00000000 		.4byte	.LEHB11-.LFB78
 220 0098 00000000 		.4byte	.LEHE11-.LEHB11
 221 009c 00000000 		.4byte	0
 222 00a0 00       		.byte	0
 223              		.text
 225              		.globl	_ZN7_BufferC1Ev
 226              		.set	_ZN7_BufferC1Ev,_ZN7_BufferC2Ev
 227              		.align	2
 228              		.globl	_ZN7_BufferC2Ei
 230              	_ZN7_BufferC2Ei:
 231              	.LFB81:
  17:src/Buffer.cpp **** _Buffer::_Buffer(int cap) {
 232              		.loc 1 17 1 is_stmt 1
 233              		.cfi_startproc
 234              		.cfi_personality 0x9b,DW.ref.__gxx_personality_v0
 235              		.cfi_lsda 0x1b,.LLSDA81
 236              	.LVL23:
 237 013c 130101FE 		addi	sp,sp,-32
 238              		.cfi_def_cfa_offset 32
 239 0140 233C1100 		sd	ra,24(sp)
 240 0144 23388100 		sd	s0,16(sp)
 241 0148 23349100 		sd	s1,8(sp)
 242 014c 23302101 		sd	s2,0(sp)
 243              		.cfi_offset 1, -8
 244              		.cfi_offset 8, -16
 245              		.cfi_offset 9, -24
 246              		.cfi_offset 18, -32
 247 0150 13040102 		addi	s0,sp,32
 248              		.cfi_def_cfa 8, 0
 249 0154 93040500 		mv	s1,a0
 250              	.LBB16:
  18:src/Buffer.cpp ****     size=0;
 251              		.loc 1 18 5
GAS LISTING /tmp/ccY4MOaj.s 			page 6


 252              		.loc 1 18 9 is_stmt 0
 253 0158 23200512 		sw	zero,288(a0)
  19:src/Buffer.cpp ****     head=0;
 254              		.loc 1 19 5 is_stmt 1
 255              		.loc 1 19 9 is_stmt 0
 256 015c 23220512 		sw	zero,292(a0)
  20:src/Buffer.cpp ****     tail=0;
 257              		.loc 1 20 5 is_stmt 1
 258              		.loc 1 20 9 is_stmt 0
 259 0160 23240512 		sw	zero,296(a0)
  21:src/Buffer.cpp ****     slot=cap;
 260              		.loc 1 21 5 is_stmt 1
 261              		.loc 1 21 9 is_stmt 0
 262 0164 2326B512 		sw	a1,300(a0)
  22:src/Buffer.cpp **** 
  23:src/Buffer.cpp ****     new _sem(&empty,size);
 263              		.loc 1 23 5 is_stmt 1
 264              		.loc 1 23 25 is_stmt 0
 265 0168 13050001 		li	a0,16
 266              	.LVL24:
 267              	.LEHB12:
 268 016c 97000000 		call	_ZN4_semnwEm@plt
 268      E7800000 
 269              	.LVL25:
 270              	.LEHE12:
 271 0174 13090500 		mv	s2,a0
 272 0178 03A60412 		lw	a2,288(s1)
 273 017c 93850401 		addi	a1,s1,16
 274              	.LEHB13:
 275 0180 97000000 		call	_ZN4_semC1EPPS_j@plt
 275      E7800000 
 276              	.LVL26:
 277              	.LEHE13:
  24:src/Buffer.cpp ****     new _sem(&full,0);
 278              		.loc 1 24 5 is_stmt 1
 279              		.loc 1 24 21 is_stmt 0
 280 0188 13050001 		li	a0,16
 281              	.LEHB14:
 282 018c 97000000 		call	_ZN4_semnwEm@plt
 282      E7800000 
 283              	.LVL27:
 284              	.LEHE14:
 285 0194 13090500 		mv	s2,a0
 286 0198 13060000 		li	a2,0
 287 019c 93858401 		addi	a1,s1,24
 288              	.LEHB15:
 289 01a0 97000000 		call	_ZN4_semC1EPPS_j@plt
 289      E7800000 
 290              	.LVL28:
 291              	.LEHE15:
  25:src/Buffer.cpp ****     new _sem(&mutexE,1);
 292              		.loc 1 25 5 is_stmt 1
 293              		.loc 1 25 23 is_stmt 0
 294 01a8 13050001 		li	a0,16
 295              	.LEHB16:
 296 01ac 97000000 		call	_ZN4_semnwEm@plt
 296      E7800000 
GAS LISTING /tmp/ccY4MOaj.s 			page 7


 297              	.LVL29:
 298              	.LEHE16:
 299 01b4 13090500 		mv	s2,a0
 300 01b8 13061000 		li	a2,1
 301 01bc 93850400 		mv	a1,s1
 302              	.LEHB17:
 303 01c0 97000000 		call	_ZN4_semC1EPPS_j@plt
 303      E7800000 
 304              	.LVL30:
 305              	.LEHE17:
  26:src/Buffer.cpp ****     new _sem(&mutexF,1);
 306              		.loc 1 26 5 is_stmt 1
 307              		.loc 1 26 23 is_stmt 0
 308 01c8 13050001 		li	a0,16
 309              	.LEHB18:
 310 01cc 97000000 		call	_ZN4_semnwEm@plt
 310      E7800000 
 311              	.LVL31:
 312              	.LEHE18:
 313 01d4 13090500 		mv	s2,a0
 314 01d8 13061000 		li	a2,1
 315 01dc 93858400 		addi	a1,s1,8
 316              	.LEHB19:
 317 01e0 97000000 		call	_ZN4_semC1EPPS_j@plt
 317      E7800000 
 318              	.LVL32:
 319              	.LEHE19:
 320 01e8 6F004007 		j	.L24
 321              	.L18:
 322 01ec 93040500 		mv	s1,a0
 323              	.LVL33:
  23:src/Buffer.cpp ****     new _sem(&full,0);
 324              		.loc 1 23 25
 325 01f0 13050900 		mv	a0,s2
 326 01f4 97000000 		call	_ZN4_semdlEPv@plt
 326      E7800000 
 327              	.LVL34:
 328 01fc 13850400 		mv	a0,s1
 329              	.LEHB20:
 330 0200 97000000 		call	_Unwind_Resume@plt
 330      E7800000 
 331              	.LVL35:
 332              	.LEHE20:
 333              	.L19:
 334 0208 93040500 		mv	s1,a0
 335              	.LVL36:
  24:src/Buffer.cpp ****     new _sem(&mutexE,1);
 336              		.loc 1 24 21
 337 020c 13050900 		mv	a0,s2
 338 0210 97000000 		call	_ZN4_semdlEPv@plt
 338      E7800000 
 339              	.LVL37:
 340 0218 13850400 		mv	a0,s1
 341              	.LEHB21:
 342 021c 97000000 		call	_Unwind_Resume@plt
 342      E7800000 
 343              	.LVL38:
GAS LISTING /tmp/ccY4MOaj.s 			page 8


 344              	.LEHE21:
 345              	.L20:
 346 0224 93040500 		mv	s1,a0
 347              	.LVL39:
  25:src/Buffer.cpp ****     new _sem(&mutexF,1);
 348              		.loc 1 25 23
 349 0228 13050900 		mv	a0,s2
 350 022c 97000000 		call	_ZN4_semdlEPv@plt
 350      E7800000 
 351              	.LVL40:
 352 0234 13850400 		mv	a0,s1
 353              	.LEHB22:
 354 0238 97000000 		call	_Unwind_Resume@plt
 354      E7800000 
 355              	.LVL41:
 356              	.LEHE22:
 357              	.L21:
 358 0240 93040500 		mv	s1,a0
 359              	.LVL42:
 360              		.loc 1 26 23
 361 0244 13050900 		mv	a0,s2
 362 0248 97000000 		call	_ZN4_semdlEPv@plt
 362      E7800000 
 363              	.LVL43:
 364 0250 13850400 		mv	a0,s1
 365              	.LEHB23:
 366 0254 97000000 		call	_Unwind_Resume@plt
 366      E7800000 
 367              	.LVL44:
 368              	.LEHE23:
 369              	.L24:
 370              	.LBE16:
  27:src/Buffer.cpp **** }
 371              		.loc 1 27 1
 372 025c 83308101 		ld	ra,24(sp)
 373              		.cfi_restore 1
 374 0260 03340101 		ld	s0,16(sp)
 375              		.cfi_restore 8
 376              		.cfi_def_cfa 2, 32
 377 0264 83348100 		ld	s1,8(sp)
 378              		.cfi_restore 9
 379              	.LVL45:
 380 0268 03390100 		ld	s2,0(sp)
 381              		.cfi_restore 18
 382 026c 13010102 		addi	sp,sp,32
 383              		.cfi_def_cfa_offset 0
 384 0270 67800000 		jr	ra
 385              		.cfi_endproc
 386              	.LFE81:
 387              		.section	.gcc_except_table
 388              	.LLSDA81:
 389 00a1 FF       		.byte	0xff
 390 00a2 FF       		.byte	0xff
 391 00a3 03       		.byte	0x3
 392 00a4 9C01     		.byte	0x9c,0x1
 393 00a6 00000000 		.4byte	.LEHB12-.LFB81
 394 00aa 00000000 		.4byte	.LEHE12-.LEHB12
GAS LISTING /tmp/ccY4MOaj.s 			page 9


 395 00ae 00000000 		.4byte	0
 396 00b2 00       		.byte	0
 397 00b3 00000000 		.4byte	.LEHB13-.LFB81
 398 00b7 00000000 		.4byte	.LEHE13-.LEHB13
 399 00bb 00000000 		.4byte	.L18-.LFB81
 400 00bf 00       		.byte	0
 401 00c0 00000000 		.4byte	.LEHB14-.LFB81
 402 00c4 00000000 		.4byte	.LEHE14-.LEHB14
 403 00c8 00000000 		.4byte	0
 404 00cc 00       		.byte	0
 405 00cd 00000000 		.4byte	.LEHB15-.LFB81
 406 00d1 00000000 		.4byte	.LEHE15-.LEHB15
 407 00d5 00000000 		.4byte	.L19-.LFB81
 408 00d9 00       		.byte	0
 409 00da 00000000 		.4byte	.LEHB16-.LFB81
 410 00de 00000000 		.4byte	.LEHE16-.LEHB16
 411 00e2 00000000 		.4byte	0
 412 00e6 00       		.byte	0
 413 00e7 00000000 		.4byte	.LEHB17-.LFB81
 414 00eb 00000000 		.4byte	.LEHE17-.LEHB17
 415 00ef 00000000 		.4byte	.L20-.LFB81
 416 00f3 00       		.byte	0
 417 00f4 00000000 		.4byte	.LEHB18-.LFB81
 418 00f8 00000000 		.4byte	.LEHE18-.LEHB18
 419 00fc 00000000 		.4byte	0
 420 0100 00       		.byte	0
 421 0101 00000000 		.4byte	.LEHB19-.LFB81
 422 0105 00000000 		.4byte	.LEHE19-.LEHB19
 423 0109 00000000 		.4byte	.L21-.LFB81
 424 010d 00       		.byte	0
 425 010e 00000000 		.4byte	.LEHB20-.LFB81
 426 0112 00000000 		.4byte	.LEHE20-.LEHB20
 427 0116 00000000 		.4byte	0
 428 011a 00       		.byte	0
 429 011b 00000000 		.4byte	.LEHB21-.LFB81
 430 011f 00000000 		.4byte	.LEHE21-.LEHB21
 431 0123 00000000 		.4byte	0
 432 0127 00       		.byte	0
 433 0128 00000000 		.4byte	.LEHB22-.LFB81
 434 012c 00000000 		.4byte	.LEHE22-.LEHB22
 435 0130 00000000 		.4byte	0
 436 0134 00       		.byte	0
 437 0135 00000000 		.4byte	.LEHB23-.LFB81
 438 0139 00000000 		.4byte	.LEHE23-.LEHB23
 439 013d 00000000 		.4byte	0
 440 0141 00       		.byte	0
 441              		.text
 443              		.globl	_ZN7_BufferC1Ei
 444              		.set	_ZN7_BufferC1Ei,_ZN7_BufferC2Ei
 445              		.align	2
 446              		.globl	_ZN7_BufferD2Ev
 448              	_ZN7_BufferD2Ev:
 449              	.LFB84:
  28:src/Buffer.cpp **** _Buffer::~_Buffer(){
 450              		.loc 1 28 1 is_stmt 1
 451              		.cfi_startproc
 452              		.cfi_personality 0x9b,DW.ref.__gxx_personality_v0
GAS LISTING /tmp/ccY4MOaj.s 			page 10


 453              		.cfi_lsda 0x1b,.LLSDA84
 454              	.LVL46:
 455 0274 130101FE 		addi	sp,sp,-32
 456              		.cfi_def_cfa_offset 32
 457 0278 233C1100 		sd	ra,24(sp)
 458 027c 23388100 		sd	s0,16(sp)
 459 0280 23349100 		sd	s1,8(sp)
 460 0284 23302101 		sd	s2,0(sp)
 461              		.cfi_offset 1, -8
 462              		.cfi_offset 8, -16
 463              		.cfi_offset 9, -24
 464              		.cfi_offset 18, -32
 465 0288 13040102 		addi	s0,sp,32
 466              		.cfi_def_cfa 8, 0
 467 028c 93040500 		mv	s1,a0
 468              	.LBB17:
  29:src/Buffer.cpp ****     delete mutexF;
 469              		.loc 1 29 5
 470              		.loc 1 29 12 is_stmt 0
 471 0290 03398500 		ld	s2,8(a0)
 472              		.loc 1 29 18
 473 0294 630E0900 		beqz	s2,.L26
 474              	.LVL47:
 475              	.LBB18:
 476              	.LBB19:
 477              		.file 2 "src/../h/_sem.hpp"
   1:src/../h/_sem.hpp **** //
   2:src/../h/_sem.hpp **** // Created by os on 8/5/22.
   3:src/../h/_sem.hpp **** //
   4:src/../h/_sem.hpp **** 
   5:src/../h/_sem.hpp **** #ifndef OSPROJECT__SEM_HPP
   6:src/../h/_sem.hpp **** #define OSPROJECT__SEM_HPP
   7:src/../h/_sem.hpp **** #include "list.hpp"
   8:src/../h/_sem.hpp **** #include "syscall_c.hpp"
   9:src/../h/_sem.hpp **** #include "tcb.hpp"
  10:src/../h/_sem.hpp **** #include "MyWaitList.hpp"
  11:src/../h/_sem.hpp **** class _sem{
  12:src/../h/_sem.hpp **** private:
  13:src/../h/_sem.hpp **** 
  14:src/../h/_sem.hpp ****     MyWaitList *waitingMy;
  15:src/../h/_sem.hpp ****     int val=0;
  16:src/../h/_sem.hpp ****     int ended=0;
  17:src/../h/_sem.hpp ****     int close();
  18:src/../h/_sem.hpp ****     int wait();
  19:src/../h/_sem.hpp ****     int signal();
  20:src/../h/_sem.hpp ****     _sem(sem_t*handle,unsigned init);
  21:src/../h/_sem.hpp ****     friend class Riscv;
  22:src/../h/_sem.hpp ****     friend class _Buffer;
  23:src/../h/_sem.hpp ****     ~_sem(){close();}
 478              		.loc 2 23 13 is_stmt 1
 479              		.loc 2 23 18 is_stmt 0
 480 0298 13050900 		mv	a0,s2
 481              	.LVL48:
 482 029c 97000000 		call	_ZN4_sem5closeEv@plt
 482      E7800000 
 483              	.LVL49:
 484              	.LBE19:
GAS LISTING /tmp/ccY4MOaj.s 			page 11


 485              	.LBE18:
 486              		.loc 1 29 12
 487 02a4 13050900 		mv	a0,s2
 488 02a8 97000000 		call	_ZN4_semdlEPv@plt
 488      E7800000 
 489              	.LVL50:
 490              	.L26:
  30:src/Buffer.cpp ****     delete mutexE;
 491              		.loc 1 30 5 is_stmt 1
 492              		.loc 1 30 12 is_stmt 0
 493 02b0 03B90400 		ld	s2,0(s1)
 494              		.loc 1 30 18
 495 02b4 630E0900 		beqz	s2,.L27
 496              	.LVL51:
 497              	.LBB20:
 498              	.LBB21:
 499              		.loc 2 23 13 is_stmt 1
 500              		.loc 2 23 18 is_stmt 0
 501 02b8 13050900 		mv	a0,s2
 502 02bc 97000000 		call	_ZN4_sem5closeEv@plt
 502      E7800000 
 503              	.LVL52:
 504              	.LBE21:
 505              	.LBE20:
 506              		.loc 1 30 12
 507 02c4 13050900 		mv	a0,s2
 508 02c8 97000000 		call	_ZN4_semdlEPv@plt
 508      E7800000 
 509              	.LVL53:
 510              	.L27:
  31:src/Buffer.cpp ****     head=0;
 511              		.loc 1 31 5 is_stmt 1
 512              		.loc 1 31 9 is_stmt 0
 513 02d0 23A20412 		sw	zero,292(s1)
  32:src/Buffer.cpp ****     tail=0;
 514              		.loc 1 32 5 is_stmt 1
 515              		.loc 1 32 9 is_stmt 0
 516 02d4 23A40412 		sw	zero,296(s1)
  33:src/Buffer.cpp ****     delete empty;
 517              		.loc 1 33 5 is_stmt 1
 518              		.loc 1 33 12 is_stmt 0
 519 02d8 03B90401 		ld	s2,16(s1)
 520              		.loc 1 33 17
 521 02dc 630E0900 		beqz	s2,.L28
 522              	.LVL54:
 523              	.LBB22:
 524              	.LBB23:
 525              		.loc 2 23 13 is_stmt 1
 526              		.loc 2 23 18 is_stmt 0
 527 02e0 13050900 		mv	a0,s2
 528 02e4 97000000 		call	_ZN4_sem5closeEv@plt
 528      E7800000 
 529              	.LVL55:
 530              	.LBE23:
 531              	.LBE22:
 532              		.loc 1 33 12
 533 02ec 13050900 		mv	a0,s2
GAS LISTING /tmp/ccY4MOaj.s 			page 12


 534 02f0 97000000 		call	_ZN4_semdlEPv@plt
 534      E7800000 
 535              	.LVL56:
 536              	.L28:
  34:src/Buffer.cpp ****     delete full;
 537              		.loc 1 34 5 is_stmt 1
 538              		.loc 1 34 12 is_stmt 0
 539 02f8 03B98401 		ld	s2,24(s1)
 540              		.loc 1 34 16
 541 02fc 630E0900 		beqz	s2,.L29
 542              	.LVL57:
 543              	.LBB24:
 544              	.LBB25:
 545              		.loc 2 23 13 is_stmt 1
 546              		.loc 2 23 18 is_stmt 0
 547 0300 13050900 		mv	a0,s2
 548 0304 97000000 		call	_ZN4_sem5closeEv@plt
 548      E7800000 
 549              	.LVL58:
 550              	.LBE25:
 551              	.LBE24:
 552              		.loc 1 34 12
 553 030c 13050900 		mv	a0,s2
 554 0310 97000000 		call	_ZN4_semdlEPv@plt
 554      E7800000 
 555              	.LVL59:
 556              	.L29:
  35:src/Buffer.cpp ****     size=0;
 557              		.loc 1 35 5 is_stmt 1
 558              		.loc 1 35 9 is_stmt 0
 559 0318 23A00412 		sw	zero,288(s1)
  36:src/Buffer.cpp ****     sem_close(empty);
 560              		.loc 1 36 5 is_stmt 1
 561              		.loc 1 36 14 is_stmt 0
 562 031c 03B50401 		ld	a0,16(s1)
 563 0320 97000000 		call	_Z9sem_closeP4_sem@plt
 563      E7800000 
 564              	.LVL60:
  37:src/Buffer.cpp ****     sem_close(full);
 565              		.loc 1 37 5 is_stmt 1
 566              		.loc 1 37 14 is_stmt 0
 567 0328 03B58401 		ld	a0,24(s1)
 568 032c 97000000 		call	_Z9sem_closeP4_sem@plt
 568      E7800000 
 569              	.LVL61:
  38:src/Buffer.cpp ****     sem_close(mutexF);
 570              		.loc 1 38 5 is_stmt 1
 571              		.loc 1 38 14 is_stmt 0
 572 0334 03B58400 		ld	a0,8(s1)
 573 0338 97000000 		call	_Z9sem_closeP4_sem@plt
 573      E7800000 
 574              	.LVL62:
  39:src/Buffer.cpp ****     sem_close(mutexE);
 575              		.loc 1 39 5 is_stmt 1
 576              		.loc 1 39 14 is_stmt 0
 577 0340 03B50400 		ld	a0,0(s1)
 578 0344 97000000 		call	_Z9sem_closeP4_sem@plt
GAS LISTING /tmp/ccY4MOaj.s 			page 13


 578      E7800000 
 579              	.LVL63:
 580              	.LBE17:
  40:src/Buffer.cpp **** }
 581              		.loc 1 40 1
 582 034c 83308101 		ld	ra,24(sp)
 583              		.cfi_restore 1
 584 0350 03340101 		ld	s0,16(sp)
 585              		.cfi_restore 8
 586              		.cfi_def_cfa 2, 32
 587 0354 83348100 		ld	s1,8(sp)
 588              		.cfi_restore 9
 589              	.LVL64:
 590 0358 03390100 		ld	s2,0(sp)
 591              		.cfi_restore 18
 592 035c 13010102 		addi	sp,sp,32
 593              		.cfi_def_cfa_offset 0
 594 0360 67800000 		jr	ra
 595              		.cfi_endproc
 596              	.LFE84:
 597              		.section	.gcc_except_table
 598              	.LLSDA84:
 599 0142 FF       		.byte	0xff
 600 0143 FF       		.byte	0xff
 601 0144 03       		.byte	0x3
 602 0145 00       		.byte	0
 603              		.text
 605              		.globl	_ZN7_BufferD1Ev
 606              		.set	_ZN7_BufferD1Ev,_ZN7_BufferD2Ev
 607              		.align	2
 608              		.globl	_ZN7_Buffer3getEv
 610              	_ZN7_Buffer3getEv:
 611              	.LFB86:
  41:src/Buffer.cpp **** 
  42:src/Buffer.cpp **** char _Buffer::get() {
 612              		.loc 1 42 21 is_stmt 1
 613              		.cfi_startproc
 614              	.LVL65:
 615 0364 130101FE 		addi	sp,sp,-32
 616              		.cfi_def_cfa_offset 32
 617 0368 233C1100 		sd	ra,24(sp)
 618 036c 23388100 		sd	s0,16(sp)
 619 0370 23349100 		sd	s1,8(sp)
 620 0374 23302101 		sd	s2,0(sp)
 621              		.cfi_offset 1, -8
 622              		.cfi_offset 8, -16
 623              		.cfi_offset 9, -24
 624              		.cfi_offset 18, -32
 625 0378 13040102 		addi	s0,sp,32
 626              		.cfi_def_cfa 8, 0
 627 037c 93040500 		mv	s1,a0
  43:src/Buffer.cpp **** 
  44:src/Buffer.cpp **** 
  45:src/Buffer.cpp ****     sem_wait(full);
 628              		.loc 1 45 5
 629              		.loc 1 45 13 is_stmt 0
 630 0380 03358501 		ld	a0,24(a0)
GAS LISTING /tmp/ccY4MOaj.s 			page 14


 631              	.LVL66:
 632 0384 97000000 		call	_Z8sem_waitP4_sem@plt
 632      E7800000 
 633              	.LVL67:
  46:src/Buffer.cpp ****     sem_wait(mutexF);
 634              		.loc 1 46 5 is_stmt 1
 635              		.loc 1 46 13 is_stmt 0
 636 038c 03B58400 		ld	a0,8(s1)
 637 0390 97000000 		call	_Z8sem_waitP4_sem@plt
 637      E7800000 
 638              	.LVL68:
  47:src/Buffer.cpp **** 
  48:src/Buffer.cpp ****     char ret = buffer[head];
 639              		.loc 1 48 5 is_stmt 1
 640              		.loc 1 48 23 is_stmt 0
 641 0398 83A74412 		lw	a5,292(s1)
 642              		.loc 1 48 10
 643 039c 3387F400 		add	a4,s1,a5
 644 03a0 03490702 		lbu	s2,32(a4)
 645              	.LVL69:
  49:src/Buffer.cpp ****     head=(head+1)%slot;
 646              		.loc 1 49 5 is_stmt 1
 647              		.loc 1 49 15 is_stmt 0
 648 03a4 9B871700 		addiw	a5,a5,1
 649              		.loc 1 49 19
 650 03a8 03A7C412 		lw	a4,300(s1)
 651              		.loc 1 49 18
 652 03ac BBE7E702 		remw	a5,a5,a4
 653              		.loc 1 49 9
 654 03b0 23A2F412 		sw	a5,292(s1)
  50:src/Buffer.cpp ****     size--;
 655              		.loc 1 50 5 is_stmt 1
 656 03b4 83A70412 		lw	a5,288(s1)
 657              		.loc 1 50 9 is_stmt 0
 658 03b8 9B87F7FF 		addiw	a5,a5,-1
 659 03bc 23A0F412 		sw	a5,288(s1)
  51:src/Buffer.cpp **** 
  52:src/Buffer.cpp ****     sem_signal(mutexF);
 660              		.loc 1 52 5 is_stmt 1
 661              		.loc 1 52 15 is_stmt 0
 662 03c0 03B58400 		ld	a0,8(s1)
 663 03c4 97000000 		call	_Z10sem_signalP4_sem@plt
 663      E7800000 
 664              	.LVL70:
  53:src/Buffer.cpp ****     sem_signal(empty);
 665              		.loc 1 53 5 is_stmt 1
 666              		.loc 1 53 15 is_stmt 0
 667 03cc 03B50401 		ld	a0,16(s1)
 668 03d0 97000000 		call	_Z10sem_signalP4_sem@plt
 668      E7800000 
 669              	.LVL71:
  54:src/Buffer.cpp **** 
  55:src/Buffer.cpp ****     return ret;
 670              		.loc 1 55 5 is_stmt 1
  56:src/Buffer.cpp **** }
 671              		.loc 1 56 1 is_stmt 0
 672 03d8 13050900 		mv	a0,s2
GAS LISTING /tmp/ccY4MOaj.s 			page 15


 673 03dc 83308101 		ld	ra,24(sp)
 674              		.cfi_restore 1
 675 03e0 03340101 		ld	s0,16(sp)
 676              		.cfi_restore 8
 677              		.cfi_def_cfa 2, 32
 678 03e4 83348100 		ld	s1,8(sp)
 679              		.cfi_restore 9
 680              	.LVL72:
 681 03e8 03390100 		ld	s2,0(sp)
 682              		.cfi_restore 18
 683              	.LVL73:
 684 03ec 13010102 		addi	sp,sp,32
 685              		.cfi_def_cfa_offset 0
 686 03f0 67800000 		jr	ra
 687              		.cfi_endproc
 688              	.LFE86:
 690              		.align	2
 691              		.globl	_ZN7_Buffer7sys_putEc
 693              	_ZN7_Buffer7sys_putEc:
 694              	.LFB87:
  57:src/Buffer.cpp **** 
  58:src/Buffer.cpp **** void _Buffer::sys_put(char c) {
 695              		.loc 1 58 31 is_stmt 1
 696              		.cfi_startproc
 697              	.LVL74:
 698 03f4 130101FE 		addi	sp,sp,-32
 699              		.cfi_def_cfa_offset 32
 700 03f8 233C1100 		sd	ra,24(sp)
 701 03fc 23388100 		sd	s0,16(sp)
 702 0400 23349100 		sd	s1,8(sp)
 703 0404 23302101 		sd	s2,0(sp)
 704              		.cfi_offset 1, -8
 705              		.cfi_offset 8, -16
 706              		.cfi_offset 9, -24
 707              		.cfi_offset 18, -32
 708 0408 13040102 		addi	s0,sp,32
 709              		.cfi_def_cfa 8, 0
 710 040c 93040500 		mv	s1,a0
 711 0410 13890500 		mv	s2,a1
  59:src/Buffer.cpp ****     empty->wait();
 712              		.loc 1 59 5
 713              		.loc 1 59 16 is_stmt 0
 714 0414 03350501 		ld	a0,16(a0)
 715              	.LVL75:
 716 0418 97000000 		call	_ZN4_sem4waitEv@plt
 716      E7800000 
 717              	.LVL76:
  60:src/Buffer.cpp ****     mutexE->wait();
 718              		.loc 1 60 5 is_stmt 1
 719              		.loc 1 60 17 is_stmt 0
 720 0420 03B50400 		ld	a0,0(s1)
 721 0424 97000000 		call	_ZN4_sem4waitEv@plt
 721      E7800000 
 722              	.LVL77:
  61:src/Buffer.cpp **** 
  62:src/Buffer.cpp ****     buffer[tail]=c;
 723              		.loc 1 62 5 is_stmt 1
GAS LISTING /tmp/ccY4MOaj.s 			page 16


 724              		.loc 1 62 12 is_stmt 0
 725 042c 83A78412 		lw	a5,296(s1)
 726              		.loc 1 62 17
 727 0430 3387F400 		add	a4,s1,a5
 728 0434 23002703 		sb	s2,32(a4)
  63:src/Buffer.cpp ****     tail= (tail+1)%slot;
 729              		.loc 1 63 5 is_stmt 1
 730              		.loc 1 63 16 is_stmt 0
 731 0438 9B871700 		addiw	a5,a5,1
 732              		.loc 1 63 20
 733 043c 03A7C412 		lw	a4,300(s1)
 734              		.loc 1 63 19
 735 0440 BBE7E702 		remw	a5,a5,a4
 736              		.loc 1 63 9
 737 0444 23A4F412 		sw	a5,296(s1)
  64:src/Buffer.cpp ****     size++;
 738              		.loc 1 64 5 is_stmt 1
 739 0448 83A70412 		lw	a5,288(s1)
 740              		.loc 1 64 9 is_stmt 0
 741 044c 9B871700 		addiw	a5,a5,1
 742 0450 23A0F412 		sw	a5,288(s1)
  65:src/Buffer.cpp ****     mutexE->signal();
 743              		.loc 1 65 5 is_stmt 1
 744              		.loc 1 65 19 is_stmt 0
 745 0454 03B50400 		ld	a0,0(s1)
 746 0458 97000000 		call	_ZN4_sem6signalEv@plt
 746      E7800000 
 747              	.LVL78:
  66:src/Buffer.cpp ****     full->signal();
 748              		.loc 1 66 5 is_stmt 1
 749              		.loc 1 66 17 is_stmt 0
 750 0460 03B58401 		ld	a0,24(s1)
 751 0464 97000000 		call	_ZN4_sem6signalEv@plt
 751      E7800000 
 752              	.LVL79:
  67:src/Buffer.cpp **** 
  68:src/Buffer.cpp **** }
 753              		.loc 1 68 1
 754 046c 83308101 		ld	ra,24(sp)
 755              		.cfi_restore 1
 756 0470 03340101 		ld	s0,16(sp)
 757              		.cfi_restore 8
 758              		.cfi_def_cfa 2, 32
 759 0474 83348100 		ld	s1,8(sp)
 760              		.cfi_restore 9
 761              	.LVL80:
 762 0478 03390100 		ld	s2,0(sp)
 763              		.cfi_restore 18
 764 047c 13010102 		addi	sp,sp,32
 765              		.cfi_def_cfa_offset 0
 766 0480 67800000 		jr	ra
 767              		.cfi_endproc
 768              	.LFE87:
 770              		.align	2
 771              		.globl	_ZN7_Buffer7sys_getEv
 773              	_ZN7_Buffer7sys_getEv:
 774              	.LFB88:
GAS LISTING /tmp/ccY4MOaj.s 			page 17


  69:src/Buffer.cpp **** char _Buffer::sys_get() {
 775              		.loc 1 69 25 is_stmt 1
 776              		.cfi_startproc
 777              	.LVL81:
 778 0484 130101FE 		addi	sp,sp,-32
 779              		.cfi_def_cfa_offset 32
 780 0488 233C1100 		sd	ra,24(sp)
 781 048c 23388100 		sd	s0,16(sp)
 782 0490 23349100 		sd	s1,8(sp)
 783 0494 23302101 		sd	s2,0(sp)
 784              		.cfi_offset 1, -8
 785              		.cfi_offset 8, -16
 786              		.cfi_offset 9, -24
 787              		.cfi_offset 18, -32
 788 0498 13040102 		addi	s0,sp,32
 789              		.cfi_def_cfa 8, 0
 790 049c 93040500 		mv	s1,a0
  70:src/Buffer.cpp ****     full->wait();
 791              		.loc 1 70 5
 792              		.loc 1 70 15 is_stmt 0
 793 04a0 03358501 		ld	a0,24(a0)
 794              	.LVL82:
 795 04a4 97000000 		call	_ZN4_sem4waitEv@plt
 795      E7800000 
 796              	.LVL83:
  71:src/Buffer.cpp ****     mutexF->wait();
 797              		.loc 1 71 5 is_stmt 1
 798              		.loc 1 71 17 is_stmt 0
 799 04ac 03B58400 		ld	a0,8(s1)
 800 04b0 97000000 		call	_ZN4_sem4waitEv@plt
 800      E7800000 
 801              	.LVL84:
  72:src/Buffer.cpp ****     char ret = buffer[head];
 802              		.loc 1 72 5 is_stmt 1
 803              		.loc 1 72 23 is_stmt 0
 804 04b8 83A74412 		lw	a5,292(s1)
 805              		.loc 1 72 10
 806 04bc 3387F400 		add	a4,s1,a5
 807 04c0 03490702 		lbu	s2,32(a4)
 808              	.LVL85:
  73:src/Buffer.cpp ****     head=(head+1)%slot;
 809              		.loc 1 73 5 is_stmt 1
 810              		.loc 1 73 15 is_stmt 0
 811 04c4 9B871700 		addiw	a5,a5,1
 812              		.loc 1 73 19
 813 04c8 03A7C412 		lw	a4,300(s1)
 814              		.loc 1 73 18
 815 04cc BBE7E702 		remw	a5,a5,a4
 816              		.loc 1 73 9
 817 04d0 23A2F412 		sw	a5,292(s1)
  74:src/Buffer.cpp ****     size--;
 818              		.loc 1 74 5 is_stmt 1
 819 04d4 83A70412 		lw	a5,288(s1)
 820              		.loc 1 74 9 is_stmt 0
 821 04d8 9B87F7FF 		addiw	a5,a5,-1
 822 04dc 23A0F412 		sw	a5,288(s1)
  75:src/Buffer.cpp ****     mutexF->signal();
GAS LISTING /tmp/ccY4MOaj.s 			page 18


 823              		.loc 1 75 5 is_stmt 1
 824              		.loc 1 75 19 is_stmt 0
 825 04e0 03B58400 		ld	a0,8(s1)
 826 04e4 97000000 		call	_ZN4_sem6signalEv@plt
 826      E7800000 
 827              	.LVL86:
  76:src/Buffer.cpp ****     empty->signal();
 828              		.loc 1 76 5 is_stmt 1
 829              		.loc 1 76 18 is_stmt 0
 830 04ec 03B50401 		ld	a0,16(s1)
 831 04f0 97000000 		call	_ZN4_sem6signalEv@plt
 831      E7800000 
 832              	.LVL87:
  77:src/Buffer.cpp **** 
  78:src/Buffer.cpp ****     return ret;
 833              		.loc 1 78 5 is_stmt 1
  79:src/Buffer.cpp **** }...
 834              		.loc 1 79 1 is_stmt 0
 835 04f8 13050900 		mv	a0,s2
 836 04fc 83308101 		ld	ra,24(sp)
 837              		.cfi_restore 1
 838 0500 03340101 		ld	s0,16(sp)
 839              		.cfi_restore 8
 840              		.cfi_def_cfa 2, 32
 841 0504 83348100 		ld	s1,8(sp)
 842              		.cfi_restore 9
 843              	.LVL88:
 844 0508 03390100 		ld	s2,0(sp)
 845              		.cfi_restore 18
 846              	.LVL89:
 847 050c 13010102 		addi	sp,sp,32
 848              		.cfi_def_cfa_offset 0
 849 0510 67800000 		jr	ra
 850              		.cfi_endproc
 851              	.LFE88:
 853              	.Letext0:
 854              		.file 3 "src/../h/../lib/hw.h"
 855              		.file 4 "src/../h/tcb.hpp"
 856              		.file 5 "src/../h/syscall_c.hpp"
 857              		.file 6 "src/../h/MyWaitList.hpp"
 858              		.file 7 "src/../h/Buffer.hpp"
 4823              		.align	3
 4826              	DW.ref.__gxx_personality_v0:
 4827 0000 00000000 		.dword	__gxx_personality_v0
 4827      00000000 
 4828              		.ident	"GCC: (Ubuntu 9.4.0-1ubuntu1~20.04) 9.4.0"
 4829              		.section	.note.GNU-stack,"",@progbits
GAS LISTING /tmp/ccY4MOaj.s 			page 19


DEFINED SYMBOLS
                            *ABS*:0000000000000000 Buffer.cpp
     /tmp/ccY4MOaj.s:9      .text:0000000000000000 _ZN7_BufferC2Ev
     /tmp/ccY4MOaj.s:13     .text:0000000000000000 .L0 
     /tmp/ccY4MOaj.s:4826   .data.rel.local.DW.ref.__gxx_personality_v0:0000000000000000 DW.ref.__gxx_personality_v0
     /tmp/ccY4MOaj.s:17     .text:0000000000000000 .L0 
     /tmp/ccY4MOaj.s:18     .text:0000000000000004 .L0 
     /tmp/ccY4MOaj.s:23     .text:0000000000000014 .L0 
     /tmp/ccY4MOaj.s:24     .text:0000000000000014 .L0 
     /tmp/ccY4MOaj.s:25     .text:0000000000000014 .L0 
     /tmp/ccY4MOaj.s:26     .text:0000000000000014 .L0 
     /tmp/ccY4MOaj.s:28     .text:0000000000000018 .L0 
     /tmp/ccY4MOaj.s:32     .text:000000000000001c .L0 
     /tmp/ccY4MOaj.s:33     .text:000000000000001c .L0 
     /tmp/ccY4MOaj.s:35     .text:0000000000000020 .L0 
     /tmp/ccY4MOaj.s:36     .text:0000000000000020 .L0 
     /tmp/ccY4MOaj.s:38     .text:0000000000000024 .L0 
     /tmp/ccY4MOaj.s:39     .text:0000000000000024 .L0 
     /tmp/ccY4MOaj.s:42     .text:000000000000002c .L0 
     /tmp/ccY4MOaj.s:43     .text:000000000000002c .L0 
     /tmp/ccY4MOaj.s:45     .text:0000000000000030 .L0 
     /tmp/ccY4MOaj.s:46     .text:0000000000000030 .L0 
     /tmp/ccY4MOaj.s:60     .text:0000000000000050 .L0 
     /tmp/ccY4MOaj.s:61     .text:0000000000000050 .L0 
     /tmp/ccY4MOaj.s:74     .text:0000000000000070 .L0 
     /tmp/ccY4MOaj.s:75     .text:0000000000000070 .L0 
     /tmp/ccY4MOaj.s:88     .text:0000000000000090 .L0 
     /tmp/ccY4MOaj.s:89     .text:0000000000000090 .L0 
     /tmp/ccY4MOaj.s:106    .text:00000000000000b8 .L0 
     /tmp/ccY4MOaj.s:118    .text:00000000000000d4 .L0 
     /tmp/ccY4MOaj.s:130    .text:00000000000000f0 .L0 
     /tmp/ccY4MOaj.s:142    .text:000000000000010c .L0 
     /tmp/ccY4MOaj.s:153    .text:0000000000000124 .L0 
     /tmp/ccY4MOaj.s:154    .text:0000000000000128 .L0 
     /tmp/ccY4MOaj.s:156    .text:000000000000012c .L0 
     /tmp/ccY4MOaj.s:157    .text:000000000000012c .L0 
     /tmp/ccY4MOaj.s:159    .text:0000000000000130 .L0 
     /tmp/ccY4MOaj.s:162    .text:0000000000000134 .L0 
     /tmp/ccY4MOaj.s:164    .text:0000000000000138 .L0 
     /tmp/ccY4MOaj.s:166    .text:000000000000013c .L0 
     /tmp/ccY4MOaj.s:9      .text:0000000000000000 _ZN7_BufferC1Ev
     /tmp/ccY4MOaj.s:230    .text:000000000000013c _ZN7_BufferC2Ei
     /tmp/ccY4MOaj.s:233    .text:000000000000013c .L0 
     /tmp/ccY4MOaj.s:237    .text:000000000000013c .L0 
     /tmp/ccY4MOaj.s:238    .text:0000000000000140 .L0 
     /tmp/ccY4MOaj.s:243    .text:0000000000000150 .L0 
     /tmp/ccY4MOaj.s:244    .text:0000000000000150 .L0 
     /tmp/ccY4MOaj.s:245    .text:0000000000000150 .L0 
     /tmp/ccY4MOaj.s:246    .text:0000000000000150 .L0 
     /tmp/ccY4MOaj.s:248    .text:0000000000000154 .L0 
     /tmp/ccY4MOaj.s:252    .text:0000000000000158 .L0 
     /tmp/ccY4MOaj.s:253    .text:0000000000000158 .L0 
     /tmp/ccY4MOaj.s:255    .text:000000000000015c .L0 
     /tmp/ccY4MOaj.s:256    .text:000000000000015c .L0 
     /tmp/ccY4MOaj.s:258    .text:0000000000000160 .L0 
     /tmp/ccY4MOaj.s:259    .text:0000000000000160 .L0 
     /tmp/ccY4MOaj.s:261    .text:0000000000000164 .L0 
GAS LISTING /tmp/ccY4MOaj.s 			page 20


     /tmp/ccY4MOaj.s:262    .text:0000000000000164 .L0 
     /tmp/ccY4MOaj.s:264    .text:0000000000000168 .L0 
     /tmp/ccY4MOaj.s:265    .text:0000000000000168 .L0 
     /tmp/ccY4MOaj.s:279    .text:0000000000000188 .L0 
     /tmp/ccY4MOaj.s:280    .text:0000000000000188 .L0 
     /tmp/ccY4MOaj.s:293    .text:00000000000001a8 .L0 
     /tmp/ccY4MOaj.s:294    .text:00000000000001a8 .L0 
     /tmp/ccY4MOaj.s:307    .text:00000000000001c8 .L0 
     /tmp/ccY4MOaj.s:308    .text:00000000000001c8 .L0 
     /tmp/ccY4MOaj.s:325    .text:00000000000001f0 .L0 
     /tmp/ccY4MOaj.s:337    .text:000000000000020c .L0 
     /tmp/ccY4MOaj.s:349    .text:0000000000000228 .L0 
     /tmp/ccY4MOaj.s:361    .text:0000000000000244 .L0 
     /tmp/ccY4MOaj.s:372    .text:000000000000025c .L0 
     /tmp/ccY4MOaj.s:373    .text:0000000000000260 .L0 
     /tmp/ccY4MOaj.s:375    .text:0000000000000264 .L0 
     /tmp/ccY4MOaj.s:376    .text:0000000000000264 .L0 
     /tmp/ccY4MOaj.s:378    .text:0000000000000268 .L0 
     /tmp/ccY4MOaj.s:381    .text:000000000000026c .L0 
     /tmp/ccY4MOaj.s:383    .text:0000000000000270 .L0 
     /tmp/ccY4MOaj.s:385    .text:0000000000000274 .L0 
     /tmp/ccY4MOaj.s:230    .text:000000000000013c _ZN7_BufferC1Ei
     /tmp/ccY4MOaj.s:448    .text:0000000000000274 _ZN7_BufferD2Ev
     /tmp/ccY4MOaj.s:451    .text:0000000000000274 .L0 
     /tmp/ccY4MOaj.s:455    .text:0000000000000274 .L0 
     /tmp/ccY4MOaj.s:456    .text:0000000000000278 .L0 
     /tmp/ccY4MOaj.s:461    .text:0000000000000288 .L0 
     /tmp/ccY4MOaj.s:462    .text:0000000000000288 .L0 
     /tmp/ccY4MOaj.s:463    .text:0000000000000288 .L0 
     /tmp/ccY4MOaj.s:464    .text:0000000000000288 .L0 
     /tmp/ccY4MOaj.s:466    .text:000000000000028c .L0 
     /tmp/ccY4MOaj.s:470    .text:0000000000000290 .L0 
     /tmp/ccY4MOaj.s:471    .text:0000000000000290 .L0 
     /tmp/ccY4MOaj.s:473    .text:0000000000000294 .L0 
     /tmp/ccY4MOaj.s:479    .text:0000000000000298 .L0 
     /tmp/ccY4MOaj.s:480    .text:0000000000000298 .L0 
     /tmp/ccY4MOaj.s:487    .text:00000000000002a4 .L0 
     /tmp/ccY4MOaj.s:492    .text:00000000000002b0 .L0 
     /tmp/ccY4MOaj.s:493    .text:00000000000002b0 .L0 
     /tmp/ccY4MOaj.s:495    .text:00000000000002b4 .L0 
     /tmp/ccY4MOaj.s:500    .text:00000000000002b8 .L0 
     /tmp/ccY4MOaj.s:501    .text:00000000000002b8 .L0 
     /tmp/ccY4MOaj.s:507    .text:00000000000002c4 .L0 
     /tmp/ccY4MOaj.s:512    .text:00000000000002d0 .L0 
     /tmp/ccY4MOaj.s:513    .text:00000000000002d0 .L0 
     /tmp/ccY4MOaj.s:515    .text:00000000000002d4 .L0 
     /tmp/ccY4MOaj.s:516    .text:00000000000002d4 .L0 
     /tmp/ccY4MOaj.s:518    .text:00000000000002d8 .L0 
     /tmp/ccY4MOaj.s:519    .text:00000000000002d8 .L0 
     /tmp/ccY4MOaj.s:521    .text:00000000000002dc .L0 
     /tmp/ccY4MOaj.s:526    .text:00000000000002e0 .L0 
     /tmp/ccY4MOaj.s:527    .text:00000000000002e0 .L0 
     /tmp/ccY4MOaj.s:533    .text:00000000000002ec .L0 
     /tmp/ccY4MOaj.s:538    .text:00000000000002f8 .L0 
     /tmp/ccY4MOaj.s:539    .text:00000000000002f8 .L0 
     /tmp/ccY4MOaj.s:541    .text:00000000000002fc .L0 
     /tmp/ccY4MOaj.s:546    .text:0000000000000300 .L0 
GAS LISTING /tmp/ccY4MOaj.s 			page 21


     /tmp/ccY4MOaj.s:547    .text:0000000000000300 .L0 
     /tmp/ccY4MOaj.s:553    .text:000000000000030c .L0 
     /tmp/ccY4MOaj.s:558    .text:0000000000000318 .L0 
     /tmp/ccY4MOaj.s:559    .text:0000000000000318 .L0 
     /tmp/ccY4MOaj.s:561    .text:000000000000031c .L0 
     /tmp/ccY4MOaj.s:562    .text:000000000000031c .L0 
     /tmp/ccY4MOaj.s:566    .text:0000000000000328 .L0 
     /tmp/ccY4MOaj.s:567    .text:0000000000000328 .L0 
     /tmp/ccY4MOaj.s:571    .text:0000000000000334 .L0 
     /tmp/ccY4MOaj.s:572    .text:0000000000000334 .L0 
     /tmp/ccY4MOaj.s:576    .text:0000000000000340 .L0 
     /tmp/ccY4MOaj.s:577    .text:0000000000000340 .L0 
     /tmp/ccY4MOaj.s:582    .text:000000000000034c .L0 
     /tmp/ccY4MOaj.s:583    .text:0000000000000350 .L0 
     /tmp/ccY4MOaj.s:585    .text:0000000000000354 .L0 
     /tmp/ccY4MOaj.s:586    .text:0000000000000354 .L0 
     /tmp/ccY4MOaj.s:588    .text:0000000000000358 .L0 
     /tmp/ccY4MOaj.s:591    .text:000000000000035c .L0 
     /tmp/ccY4MOaj.s:593    .text:0000000000000360 .L0 
     /tmp/ccY4MOaj.s:595    .text:0000000000000364 .L0 
     /tmp/ccY4MOaj.s:448    .text:0000000000000274 _ZN7_BufferD1Ev
     /tmp/ccY4MOaj.s:610    .text:0000000000000364 _ZN7_Buffer3getEv
     /tmp/ccY4MOaj.s:613    .text:0000000000000364 .L0 
     /tmp/ccY4MOaj.s:615    .text:0000000000000364 .L0 
     /tmp/ccY4MOaj.s:616    .text:0000000000000368 .L0 
     /tmp/ccY4MOaj.s:621    .text:0000000000000378 .L0 
     /tmp/ccY4MOaj.s:622    .text:0000000000000378 .L0 
     /tmp/ccY4MOaj.s:623    .text:0000000000000378 .L0 
     /tmp/ccY4MOaj.s:624    .text:0000000000000378 .L0 
     /tmp/ccY4MOaj.s:626    .text:000000000000037c .L0 
     /tmp/ccY4MOaj.s:629    .text:0000000000000380 .L0 
     /tmp/ccY4MOaj.s:630    .text:0000000000000380 .L0 
     /tmp/ccY4MOaj.s:635    .text:000000000000038c .L0 
     /tmp/ccY4MOaj.s:636    .text:000000000000038c .L0 
     /tmp/ccY4MOaj.s:640    .text:0000000000000398 .L0 
     /tmp/ccY4MOaj.s:641    .text:0000000000000398 .L0 
     /tmp/ccY4MOaj.s:643    .text:000000000000039c .L0 
     /tmp/ccY4MOaj.s:647    .text:00000000000003a4 .L0 
     /tmp/ccY4MOaj.s:648    .text:00000000000003a4 .L0 
     /tmp/ccY4MOaj.s:650    .text:00000000000003a8 .L0 
     /tmp/ccY4MOaj.s:652    .text:00000000000003ac .L0 
     /tmp/ccY4MOaj.s:654    .text:00000000000003b0 .L0 
     /tmp/ccY4MOaj.s:656    .text:00000000000003b4 .L0 
     /tmp/ccY4MOaj.s:658    .text:00000000000003b8 .L0 
     /tmp/ccY4MOaj.s:661    .text:00000000000003c0 .L0 
     /tmp/ccY4MOaj.s:662    .text:00000000000003c0 .L0 
     /tmp/ccY4MOaj.s:666    .text:00000000000003cc .L0 
     /tmp/ccY4MOaj.s:667    .text:00000000000003cc .L0 
     /tmp/ccY4MOaj.s:671    .text:00000000000003d8 .L0 
     /tmp/ccY4MOaj.s:672    .text:00000000000003d8 .L0 
     /tmp/ccY4MOaj.s:674    .text:00000000000003e0 .L0 
     /tmp/ccY4MOaj.s:676    .text:00000000000003e4 .L0 
     /tmp/ccY4MOaj.s:677    .text:00000000000003e4 .L0 
     /tmp/ccY4MOaj.s:679    .text:00000000000003e8 .L0 
     /tmp/ccY4MOaj.s:682    .text:00000000000003ec .L0 
     /tmp/ccY4MOaj.s:685    .text:00000000000003f0 .L0 
     /tmp/ccY4MOaj.s:687    .text:00000000000003f4 .L0 
GAS LISTING /tmp/ccY4MOaj.s 			page 22


     /tmp/ccY4MOaj.s:693    .text:00000000000003f4 _ZN7_Buffer7sys_putEc
     /tmp/ccY4MOaj.s:696    .text:00000000000003f4 .L0 
     /tmp/ccY4MOaj.s:698    .text:00000000000003f4 .L0 
     /tmp/ccY4MOaj.s:699    .text:00000000000003f8 .L0 
     /tmp/ccY4MOaj.s:704    .text:0000000000000408 .L0 
     /tmp/ccY4MOaj.s:705    .text:0000000000000408 .L0 
     /tmp/ccY4MOaj.s:706    .text:0000000000000408 .L0 
     /tmp/ccY4MOaj.s:707    .text:0000000000000408 .L0 
     /tmp/ccY4MOaj.s:709    .text:000000000000040c .L0 
     /tmp/ccY4MOaj.s:713    .text:0000000000000414 .L0 
     /tmp/ccY4MOaj.s:714    .text:0000000000000414 .L0 
     /tmp/ccY4MOaj.s:719    .text:0000000000000420 .L0 
     /tmp/ccY4MOaj.s:720    .text:0000000000000420 .L0 
     /tmp/ccY4MOaj.s:724    .text:000000000000042c .L0 
     /tmp/ccY4MOaj.s:725    .text:000000000000042c .L0 
     /tmp/ccY4MOaj.s:727    .text:0000000000000430 .L0 
     /tmp/ccY4MOaj.s:730    .text:0000000000000438 .L0 
     /tmp/ccY4MOaj.s:731    .text:0000000000000438 .L0 
     /tmp/ccY4MOaj.s:733    .text:000000000000043c .L0 
     /tmp/ccY4MOaj.s:735    .text:0000000000000440 .L0 
     /tmp/ccY4MOaj.s:737    .text:0000000000000444 .L0 
     /tmp/ccY4MOaj.s:739    .text:0000000000000448 .L0 
     /tmp/ccY4MOaj.s:741    .text:000000000000044c .L0 
     /tmp/ccY4MOaj.s:744    .text:0000000000000454 .L0 
     /tmp/ccY4MOaj.s:745    .text:0000000000000454 .L0 
     /tmp/ccY4MOaj.s:749    .text:0000000000000460 .L0 
     /tmp/ccY4MOaj.s:750    .text:0000000000000460 .L0 
     /tmp/ccY4MOaj.s:754    .text:000000000000046c .L0 
     /tmp/ccY4MOaj.s:755    .text:0000000000000470 .L0 
     /tmp/ccY4MOaj.s:757    .text:0000000000000474 .L0 
     /tmp/ccY4MOaj.s:758    .text:0000000000000474 .L0 
     /tmp/ccY4MOaj.s:760    .text:0000000000000478 .L0 
     /tmp/ccY4MOaj.s:763    .text:000000000000047c .L0 
     /tmp/ccY4MOaj.s:765    .text:0000000000000480 .L0 
     /tmp/ccY4MOaj.s:767    .text:0000000000000484 .L0 
     /tmp/ccY4MOaj.s:773    .text:0000000000000484 _ZN7_Buffer7sys_getEv
     /tmp/ccY4MOaj.s:776    .text:0000000000000484 .L0 
     /tmp/ccY4MOaj.s:778    .text:0000000000000484 .L0 
     /tmp/ccY4MOaj.s:779    .text:0000000000000488 .L0 
     /tmp/ccY4MOaj.s:784    .text:0000000000000498 .L0 
     /tmp/ccY4MOaj.s:785    .text:0000000000000498 .L0 
     /tmp/ccY4MOaj.s:786    .text:0000000000000498 .L0 
     /tmp/ccY4MOaj.s:787    .text:0000000000000498 .L0 
     /tmp/ccY4MOaj.s:789    .text:000000000000049c .L0 
     /tmp/ccY4MOaj.s:792    .text:00000000000004a0 .L0 
     /tmp/ccY4MOaj.s:793    .text:00000000000004a0 .L0 
     /tmp/ccY4MOaj.s:798    .text:00000000000004ac .L0 
     /tmp/ccY4MOaj.s:799    .text:00000000000004ac .L0 
     /tmp/ccY4MOaj.s:803    .text:00000000000004b8 .L0 
     /tmp/ccY4MOaj.s:804    .text:00000000000004b8 .L0 
     /tmp/ccY4MOaj.s:806    .text:00000000000004bc .L0 
     /tmp/ccY4MOaj.s:810    .text:00000000000004c4 .L0 
     /tmp/ccY4MOaj.s:811    .text:00000000000004c4 .L0 
     /tmp/ccY4MOaj.s:813    .text:00000000000004c8 .L0 
     /tmp/ccY4MOaj.s:815    .text:00000000000004cc .L0 
     /tmp/ccY4MOaj.s:817    .text:00000000000004d0 .L0 
     /tmp/ccY4MOaj.s:819    .text:00000000000004d4 .L0 
GAS LISTING /tmp/ccY4MOaj.s 			page 23


     /tmp/ccY4MOaj.s:821    .text:00000000000004d8 .L0 
     /tmp/ccY4MOaj.s:824    .text:00000000000004e0 .L0 
     /tmp/ccY4MOaj.s:825    .text:00000000000004e0 .L0 
     /tmp/ccY4MOaj.s:829    .text:00000000000004ec .L0 
     /tmp/ccY4MOaj.s:830    .text:00000000000004ec .L0 
     /tmp/ccY4MOaj.s:834    .text:00000000000004f8 .L0 
     /tmp/ccY4MOaj.s:835    .text:00000000000004f8 .L0 
     /tmp/ccY4MOaj.s:837    .text:0000000000000500 .L0 
     /tmp/ccY4MOaj.s:839    .text:0000000000000504 .L0 
     /tmp/ccY4MOaj.s:840    .text:0000000000000504 .L0 
     /tmp/ccY4MOaj.s:842    .text:0000000000000508 .L0 
     /tmp/ccY4MOaj.s:845    .text:000000000000050c .L0 
     /tmp/ccY4MOaj.s:848    .text:0000000000000510 .L0 
     /tmp/ccY4MOaj.s:850    .text:0000000000000514 .L0 
     /tmp/ccY4MOaj.s:859    .text:0000000000000514 .L0 
     /tmp/ccY4MOaj.s:150    .text:0000000000000124 .L12
     /tmp/ccY4MOaj.s:369    .text:000000000000025c .L24
     /tmp/ccY4MOaj.s:490    .text:00000000000002b0 .L26
     /tmp/ccY4MOaj.s:510    .text:00000000000002d0 .L27
     /tmp/ccY4MOaj.s:536    .text:00000000000002f8 .L28
     /tmp/ccY4MOaj.s:556    .text:0000000000000318 .L29
     /tmp/ccY4MOaj.s:48     .text:0000000000000034 .LEHB0
     /tmp/ccY4MOaj.s:10     .text:0000000000000000 .LFB78
     /tmp/ccY4MOaj.s:51     .text:000000000000003c .LEHE0
     /tmp/ccY4MOaj.s:55     .text:0000000000000048 .LEHB1
     /tmp/ccY4MOaj.s:58     .text:0000000000000050 .LEHE1
     /tmp/ccY4MOaj.s:102    .text:00000000000000b4 .L6
     /tmp/ccY4MOaj.s:62     .text:0000000000000054 .LEHB2
     /tmp/ccY4MOaj.s:65     .text:000000000000005c .LEHE2
     /tmp/ccY4MOaj.s:69     .text:0000000000000068 .LEHB3
     /tmp/ccY4MOaj.s:72     .text:0000000000000070 .LEHE3
     /tmp/ccY4MOaj.s:114    .text:00000000000000d0 .L7
     /tmp/ccY4MOaj.s:76     .text:0000000000000074 .LEHB4
     /tmp/ccY4MOaj.s:79     .text:000000000000007c .LEHE4
     /tmp/ccY4MOaj.s:83     .text:0000000000000088 .LEHB5
     /tmp/ccY4MOaj.s:86     .text:0000000000000090 .LEHE5
     /tmp/ccY4MOaj.s:126    .text:00000000000000ec .L8
     /tmp/ccY4MOaj.s:90     .text:0000000000000094 .LEHB6
     /tmp/ccY4MOaj.s:93     .text:000000000000009c .LEHE6
     /tmp/ccY4MOaj.s:97     .text:00000000000000a8 .LEHB7
     /tmp/ccY4MOaj.s:100    .text:00000000000000b0 .LEHE7
     /tmp/ccY4MOaj.s:138    .text:0000000000000108 .L9
     /tmp/ccY4MOaj.s:110    .text:00000000000000c8 .LEHB8
     /tmp/ccY4MOaj.s:113    .text:00000000000000d0 .LEHE8
     /tmp/ccY4MOaj.s:122    .text:00000000000000e4 .LEHB9
     /tmp/ccY4MOaj.s:125    .text:00000000000000ec .LEHE9
     /tmp/ccY4MOaj.s:134    .text:0000000000000100 .LEHB10
     /tmp/ccY4MOaj.s:137    .text:0000000000000108 .LEHE10
     /tmp/ccY4MOaj.s:146    .text:000000000000011c .LEHB11
     /tmp/ccY4MOaj.s:149    .text:0000000000000124 .LEHE11
     /tmp/ccY4MOaj.s:267    .text:000000000000016c .LEHB12
     /tmp/ccY4MOaj.s:231    .text:000000000000013c .LFB81
     /tmp/ccY4MOaj.s:270    .text:0000000000000174 .LEHE12
     /tmp/ccY4MOaj.s:274    .text:0000000000000180 .LEHB13
     /tmp/ccY4MOaj.s:277    .text:0000000000000188 .LEHE13
     /tmp/ccY4MOaj.s:321    .text:00000000000001ec .L18
     /tmp/ccY4MOaj.s:281    .text:000000000000018c .LEHB14
GAS LISTING /tmp/ccY4MOaj.s 			page 24


     /tmp/ccY4MOaj.s:284    .text:0000000000000194 .LEHE14
     /tmp/ccY4MOaj.s:288    .text:00000000000001a0 .LEHB15
     /tmp/ccY4MOaj.s:291    .text:00000000000001a8 .LEHE15
     /tmp/ccY4MOaj.s:333    .text:0000000000000208 .L19
     /tmp/ccY4MOaj.s:295    .text:00000000000001ac .LEHB16
     /tmp/ccY4MOaj.s:298    .text:00000000000001b4 .LEHE16
     /tmp/ccY4MOaj.s:302    .text:00000000000001c0 .LEHB17
     /tmp/ccY4MOaj.s:305    .text:00000000000001c8 .LEHE17
     /tmp/ccY4MOaj.s:345    .text:0000000000000224 .L20
     /tmp/ccY4MOaj.s:309    .text:00000000000001cc .LEHB18
     /tmp/ccY4MOaj.s:312    .text:00000000000001d4 .LEHE18
     /tmp/ccY4MOaj.s:316    .text:00000000000001e0 .LEHB19
     /tmp/ccY4MOaj.s:319    .text:00000000000001e8 .LEHE19
     /tmp/ccY4MOaj.s:357    .text:0000000000000240 .L21
     /tmp/ccY4MOaj.s:329    .text:0000000000000200 .LEHB20
     /tmp/ccY4MOaj.s:332    .text:0000000000000208 .LEHE20
     /tmp/ccY4MOaj.s:341    .text:000000000000021c .LEHB21
     /tmp/ccY4MOaj.s:344    .text:0000000000000224 .LEHE21
     /tmp/ccY4MOaj.s:353    .text:0000000000000238 .LEHB22
     /tmp/ccY4MOaj.s:356    .text:0000000000000240 .LEHE22
     /tmp/ccY4MOaj.s:365    .text:0000000000000254 .LEHB23
     /tmp/ccY4MOaj.s:368    .text:000000000000025c .LEHE23
     /tmp/ccY4MOaj.s:3047   .debug_abbrev:0000000000000000 .Ldebug_abbrev0
     /tmp/ccY4MOaj.s:4736   .debug_str:00000000000008f9 .LASF187
     /tmp/ccY4MOaj.s:4518   .debug_str:000000000000028a .LASF188
     /tmp/ccY4MOaj.s:4598   .debug_str:0000000000000514 .LASF189
     /tmp/ccY4MOaj.s:5      .text:0000000000000000 .Ltext0
     /tmp/ccY4MOaj.s:853    .text:0000000000000514 .Letext0
     /tmp/ccY4MOaj.s:4426   .debug_line:0000000000000000 .Ldebug_line0
     /tmp/ccY4MOaj.s:4556   .debug_str:0000000000000374 .LASF0
     /tmp/ccY4MOaj.s:4578   .debug_str:0000000000000463 .LASF1
     /tmp/ccY4MOaj.s:4670   .debug_str:0000000000000722 .LASF2
     /tmp/ccY4MOaj.s:4676   .debug_str:000000000000075c .LASF4
     /tmp/ccY4MOaj.s:4562   .debug_str:00000000000003c5 .LASF3
     /tmp/ccY4MOaj.s:4444   .debug_str:000000000000008b .LASF5
     /tmp/ccY4MOaj.s:4646   .debug_str:000000000000067f .LASF6
     /tmp/ccY4MOaj.s:4640   .debug_str:0000000000000654 .LASF7
     /tmp/ccY4MOaj.s:4570   .debug_str:0000000000000417 .LASF8
     /tmp/ccY4MOaj.s:4536   .debug_str:00000000000002f8 .LASF9
     /tmp/ccY4MOaj.s:4546   .debug_str:0000000000000339 .LASF10
     /tmp/ccY4MOaj.s:4482   .debug_str:00000000000001ad .LASF11
     /tmp/ccY4MOaj.s:4528   .debug_str:00000000000002c3 .LASF12
     /tmp/ccY4MOaj.s:4494   .debug_str:00000000000001fc .LASF13
     /tmp/ccY4MOaj.s:4480   .debug_str:000000000000019d .LASF14
     /tmp/ccY4MOaj.s:4714   .debug_str:000000000000087c .LASF15
     /tmp/ccY4MOaj.s:4512   .debug_str:000000000000025c .LASF16
     /tmp/ccY4MOaj.s:4700   .debug_str:0000000000000806 .LASF17
     /tmp/ccY4MOaj.s:4720   .debug_str:00000000000008a5 .LASF18
     /tmp/ccY4MOaj.s:4802   .debug_str:0000000000000bd5 .LASF19
     /tmp/ccY4MOaj.s:4466   .debug_str:000000000000013f .LASF20
     /tmp/ccY4MOaj.s:4692   .debug_str:00000000000007da .LASF21
     /tmp/ccY4MOaj.s:4724   .debug_str:00000000000008b8 .LASF22
     /tmp/ccY4MOaj.s:4648   .debug_str:0000000000000686 .LASF23
     /tmp/ccY4MOaj.s:4514   .debug_str:0000000000000272 .LASF24
     /tmp/ccY4MOaj.s:4488   .debug_str:00000000000001e1 .LASF25
     /tmp/ccY4MOaj.s:4542   .debug_str:000000000000031c .LASF26
     /tmp/ccY4MOaj.s:4612   .debug_str:000000000000058d .LASF27
GAS LISTING /tmp/ccY4MOaj.s 			page 25


     /tmp/ccY4MOaj.s:4812   .debug_str:0000000000000c23 .LASF28
     /tmp/ccY4MOaj.s:4696   .debug_str:00000000000007ee .LASF30
     /tmp/ccY4MOaj.s:4434   .debug_str:000000000000002d .LASF76
     /tmp/ccY4MOaj.s:4788   .debug_str:0000000000000b63 .LASF78
     /tmp/ccY4MOaj.s:4462   .debug_str:0000000000000127 .LASF29
     /tmp/ccY4MOaj.s:4630   .debug_str:0000000000000600 .LASF31
     /tmp/ccY4MOaj.s:4674   .debug_str:0000000000000750 .LASF32
     /tmp/ccY4MOaj.s:4754   .debug_str:0000000000000a49 .LASF33
     /tmp/ccY4MOaj.s:4430   .debug_str:000000000000001d .LASF34
     /tmp/ccY4MOaj.s:4708   .debug_str:000000000000084f .LASF35
     /tmp/ccY4MOaj.s:4748   .debug_str:0000000000000a07 .LASF36
     /tmp/ccY4MOaj.s:4590   .debug_str:00000000000004c5 .LASF37
     /tmp/ccY4MOaj.s:4654   .debug_str:00000000000006b0 .LASF38
     /tmp/ccY4MOaj.s:4610   .debug_str:0000000000000573 .LASF39
     /tmp/ccY4MOaj.s:4540   .debug_str:0000000000000313 .LASF40
     /tmp/ccY4MOaj.s:4760   .debug_str:0000000000000a85 .LASF41
     /tmp/ccY4MOaj.s:4784   .debug_str:0000000000000b51 .LASF42
     /tmp/ccY4MOaj.s:4474   .debug_str:000000000000016c .LASF43
     /tmp/ccY4MOaj.s:4712   .debug_str:0000000000000871 .LASF44
     /tmp/ccY4MOaj.s:4752   .debug_str:0000000000000a2c .LASF45
     /tmp/ccY4MOaj.s:4628   .debug_str:00000000000005f5 .LASF46
     /tmp/ccY4MOaj.s:4574   .debug_str:0000000000000441 .LASF47
     /tmp/ccY4MOaj.s:4774   .debug_str:0000000000000af6 .LASF48
     /tmp/ccY4MOaj.s:4458   .debug_str:0000000000000102 .LASF49
     /tmp/ccY4MOaj.s:4734   .debug_str:00000000000008ed .LASF50
     /tmp/ccY4MOaj.s:4624   .debug_str:00000000000005cf .LASF51
     /tmp/ccY4MOaj.s:4694   .debug_str:00000000000007e2 .LASF52
     /tmp/ccY4MOaj.s:4746   .debug_str:00000000000009e9 .LASF53
     /tmp/ccY4MOaj.s:4554   .debug_str:000000000000036c .LASF54
     /tmp/ccY4MOaj.s:4530   .debug_str:00000000000002d2 .LASF55
     /tmp/ccY4MOaj.s:4602   .debug_str:0000000000000540 .LASF56
     /tmp/ccY4MOaj.s:4770   .debug_str:0000000000000acd .LASF57
     /tmp/ccY4MOaj.s:4618   .debug_str:00000000000005b9 .LASF58
     /tmp/ccY4MOaj.s:4564   .debug_str:00000000000003d7 .LASF60
     /tmp/ccY4MOaj.s:4538   .debug_str:0000000000000308 .LASF59
     /tmp/ccY4MOaj.s:4794   .debug_str:0000000000000b82 .LASF61
     /tmp/ccY4MOaj.s:4664   .debug_str:00000000000006f0 .LASF62
     /tmp/ccY4MOaj.s:4706   .debug_str:0000000000000835 .LASF63
     /tmp/ccY4MOaj.s:4498   .debug_str:000000000000021a .LASF64
     /tmp/ccY4MOaj.s:4558   .debug_str:0000000000000381 .LASF65
     /tmp/ccY4MOaj.s:4738   .debug_str:00000000000009bd .LASF66
     /tmp/ccY4MOaj.s:4780   .debug_str:0000000000000b2c .LASF67
     /tmp/ccY4MOaj.s:4464   .debug_str:0000000000000133 .LASF68
     /tmp/ccY4MOaj.s:4446   .debug_str:0000000000000092 .LASF69
     /tmp/ccY4MOaj.s:4762   .debug_str:0000000000000a9f .LASF70
     /tmp/ccY4MOaj.s:4766   .debug_str:0000000000000aad .LASF71
     /tmp/ccY4MOaj.s:4632   .debug_str:000000000000061e .LASF72
     /tmp/ccY4MOaj.s:4486   .debug_str:00000000000001c1 .LASF73
     /tmp/ccY4MOaj.s:4452   .debug_str:00000000000000d0 .LASF74
     /tmp/ccY4MOaj.s:4672   .debug_str:0000000000000730 .LASF75
     /tmp/ccY4MOaj.s:4786   .debug_str:0000000000000b5c .LASF77
     /tmp/ccY4MOaj.s:4660   .debug_str:00000000000006d3 .LASF79
     /tmp/ccY4MOaj.s:4678   .debug_str:0000000000000763 .LASF80
     /tmp/ccY4MOaj.s:4440   .debug_str:0000000000000075 .LASF81
     /tmp/ccY4MOaj.s:4808   .debug_str:0000000000000be8 .LASF82
     /tmp/ccY4MOaj.s:4560   .debug_str:000000000000039e .LASF83
     /tmp/ccY4MOaj.s:4662   .debug_str:00000000000006eb .LASF190
GAS LISTING /tmp/ccY4MOaj.s 			page 26


     /tmp/ccY4MOaj.s:4608   .debug_str:000000000000055f .LASF84
     /tmp/ccY4MOaj.s:4810   .debug_str:0000000000000bfa .LASF85
     /tmp/ccY4MOaj.s:4534   .debug_str:00000000000002f0 .LASF96
     /tmp/ccY4MOaj.s:4722   .debug_str:00000000000008ad .LASF86
     /tmp/ccY4MOaj.s:4718   .debug_str:000000000000088f .LASF88
     /tmp/ccY4MOaj.s:4582   .debug_str:000000000000047c .LASF87
     /tmp/ccY4MOaj.s:4652   .debug_str:0000000000000698 .LASF89
     /tmp/ccY4MOaj.s:4804   .debug_str:0000000000000bdc .LASF90
     /tmp/ccY4MOaj.s:4772   .debug_str:0000000000000ae6 .LASF91
     /tmp/ccY4MOaj.s:4764   .debug_str:0000000000000aa7 .LASF92
     /tmp/ccY4MOaj.s:4508   .debug_str:0000000000000246 .LASF93
     /tmp/ccY4MOaj.s:4638   .debug_str:0000000000000648 .LASF94
     /tmp/ccY4MOaj.s:4596   .debug_str:0000000000000507 .LASF95
     /tmp/ccY4MOaj.s:4790   .debug_str:0000000000000b77 .LASF99
     /tmp/ccY4MOaj.s:4796   .debug_str:0000000000000b9f .LASF97
     /tmp/ccY4MOaj.s:4490   .debug_str:00000000000001ea .LASF98
     /tmp/ccY4MOaj.s:4432   .debug_str:0000000000000028 .LASF100
     /tmp/ccY4MOaj.s:4806   .debug_str:0000000000000be2 .LASF101
     /tmp/ccY4MOaj.s:4756   .debug_str:0000000000000a67 .LASF102
     /tmp/ccY4MOaj.s:4768   .debug_str:0000000000000ac6 .LASF103
     /tmp/ccY4MOaj.s:4744   .debug_str:00000000000009df .LASF104
     /tmp/ccY4MOaj.s:4496   .debug_str:000000000000020c .LASF105
     /tmp/ccY4MOaj.s:4438   .debug_str:000000000000004d .LASF106
     /tmp/ccY4MOaj.s:4686   .debug_str:00000000000007a1 .LASF107
     /tmp/ccY4MOaj.s:4502   .debug_str:0000000000000230 .LASF108
     /tmp/ccY4MOaj.s:4568   .debug_str:0000000000000404 .LASF110
     /tmp/ccY4MOaj.s:4468   .debug_str:0000000000000148 .LASF109
     /tmp/ccY4MOaj.s:4584   .debug_str:0000000000000489 .LASF111
     /tmp/ccY4MOaj.s:4580   .debug_str:0000000000000476 .LASF112
     /tmp/ccY4MOaj.s:4732   .debug_str:00000000000008dd .LASF113
     /tmp/ccY4MOaj.s:4698   .debug_str:0000000000000801 .LASF114
     /tmp/ccY4MOaj.s:4566   .debug_str:00000000000003f5 .LASF116
     /tmp/ccY4MOaj.s:4504   .debug_str:0000000000000239 .LASF115
     /tmp/ccY4MOaj.s:4470   .debug_str:0000000000000156 .LASF117
     /tmp/ccY4MOaj.s:4588   .debug_str:00000000000004be .LASF118
     /tmp/ccY4MOaj.s:4522   .debug_str:000000000000029f .LASF119
     /tmp/ccY4MOaj.s:4476   .debug_str:0000000000000189 .LASF120
     /tmp/ccY4MOaj.s:4798   .debug_str:0000000000000bb5 .LASF121
     /tmp/ccY4MOaj.s:4792   .debug_str:0000000000000b7c .LASF122
     /tmp/ccY4MOaj.s:4710   .debug_str:000000000000086c .LASF123
     /tmp/ccY4MOaj.s:4728   .debug_str:00000000000008c3 .LASF124
     /tmp/ccY4MOaj.s:4520   .debug_str:0000000000000299 .LASF125
     /tmp/ccY4MOaj.s:4450   .debug_str:00000000000000ca .LASF126
     /tmp/ccY4MOaj.s:4454   .debug_str:00000000000000de .LASF127
     /tmp/ccY4MOaj.s:4616   .debug_str:00000000000005a9 .LASF128
     /tmp/ccY4MOaj.s:4716   .debug_str:0000000000000888 .LASF129
     /tmp/ccY4MOaj.s:4702   .debug_str:000000000000081c .LASF130
     /tmp/ccY4MOaj.s:4680   .debug_str:0000000000000768 .LASF131
     /tmp/ccY4MOaj.s:4510   .debug_str:0000000000000256 .LASF132
     /tmp/ccY4MOaj.s:4600   .debug_str:0000000000000533 .LASF133
     /tmp/ccY4MOaj.s:4816   .debug_str:0000000000000c42 .LASF134
     /tmp/ccY4MOaj.s:4524   .debug_str:00000000000002b0 .LASF135
     /tmp/ccY4MOaj.s:4606   .debug_str:0000000000000558 .LASF136
     /tmp/ccY4MOaj.s:4690   .debug_str:00000000000007c8 .LASF137
     /tmp/ccY4MOaj.s:4656   .debug_str:00000000000006b9 .LASF138
     /tmp/ccY4MOaj.s:4500   .debug_str:0000000000000225 .LASF139
     /tmp/ccY4MOaj.s:4782   .debug_str:0000000000000b49 .LASF141
GAS LISTING /tmp/ccY4MOaj.s 			page 27


     /tmp/ccY4MOaj.s:4484   .debug_str:00000000000001bc .LASF140
     /tmp/ccY4MOaj.s:4594   .debug_str:00000000000004e7 .LASF142
     /tmp/ccY4MOaj.s:4586   .debug_str:00000000000004a2 .LASF143
     /tmp/ccY4MOaj.s:4428   .debug_str:0000000000000000 .LASF191
     /tmp/ccY4MOaj.s:4526   .debug_str:00000000000002be .LASF144
     /tmp/ccY4MOaj.s:4620   .debug_str:00000000000005c5 .LASF145
     /tmp/ccY4MOaj.s:4576   .debug_str:000000000000045e .LASF146
     /tmp/ccY4MOaj.s:4668   .debug_str:000000000000070e .LASF147
     /tmp/ccY4MOaj.s:4658   .debug_str:00000000000006be .LASF148
     /tmp/ccY4MOaj.s:4506   .debug_str:000000000000023e .LASF149
     /tmp/ccY4MOaj.s:4448   .debug_str:00000000000000b0 .LASF150
     /tmp/ccY4MOaj.s:4776   .debug_str:0000000000000b01 .LASF151
     /tmp/ccY4MOaj.s:4750   .debug_str:0000000000000a12 .LASF192
     /tmp/ccY4MOaj.s:4636   .debug_str:000000000000063c .LASF152
     /tmp/ccY4MOaj.s:4682   .debug_str:0000000000000779 .LASF153
     /tmp/ccY4MOaj.s:4552   .debug_str:0000000000000364 .LASF154
     /tmp/ccY4MOaj.s:4436   .debug_str:000000000000003d .LASF155
     /tmp/ccY4MOaj.s:4614   .debug_str:0000000000000598 .LASF156
     /tmp/ccY4MOaj.s:4742   .debug_str:00000000000009cf .LASF157
     /tmp/ccY4MOaj.s:4634   .debug_str:000000000000062c .LASF158
     /tmp/ccY4MOaj.s:4684   .debug_str:0000000000000798 .LASF159
     /tmp/ccY4MOaj.s:4730   .debug_str:00000000000008cd .LASF160
     /tmp/ccY4MOaj.s:4550   .debug_str:0000000000000352 .LASF161
     /tmp/ccY4MOaj.s:4642   .debug_str:0000000000000667 .LASF162
     /tmp/ccY4MOaj.s:4688   .debug_str:00000000000007b2 .LASF163
     /tmp/ccY4MOaj.s:4460   .debug_str:000000000000011f .LASF164
     /tmp/ccY4MOaj.s:4758   .debug_str:0000000000000a6f .LASF165
     /tmp/ccY4MOaj.s:4626   .debug_str:00000000000005ed .LASF166
     /tmp/ccY4MOaj.s:4572   .debug_str:000000000000042a .LASF167
     /tmp/ccY4MOaj.s:4778   .debug_str:0000000000000b15 .LASF168
     /tmp/ccY4MOaj.s:4704   .debug_str:000000000000082e .LASF169
     /tmp/ccY4MOaj.s:4472   .debug_str:0000000000000165 .LASF170
     /tmp/ccY4MOaj.s:4492   .debug_str:00000000000001f6 .LASF171
     /tmp/ccY4MOaj.s:4622   .debug_str:00000000000005ca .LASF172
     /tmp/ccY4MOaj.s:4740   .debug_str:00000000000009c8 .LASF173
     /tmp/ccY4MOaj.s:4592   .debug_str:00000000000004e2 .LASF174
     /tmp/ccY4MOaj.s:4726   .debug_str:00000000000008be .LASF175
     /tmp/ccY4MOaj.s:774    .text:0000000000000484 .LFB88
     /tmp/ccY4MOaj.s:851    .text:0000000000000514 .LFE88
     /tmp/ccY4MOaj.s:4532   .debug_str:00000000000002eb .LASF176
     /tmp/ccY4MOaj.s:4139   .debug_loc:0000000000000000 .LLST12
     /tmp/ccY4MOaj.s:4157   .debug_loc:000000000000004c .LLST13
     /tmp/ccY4MOaj.s:796    .text:00000000000004ac .LVL83
     /tmp/ccY4MOaj.s:801    .text:00000000000004b8 .LVL84
     /tmp/ccY4MOaj.s:827    .text:00000000000004ec .LVL86
     /tmp/ccY4MOaj.s:832    .text:00000000000004f8 .LVL87
     /tmp/ccY4MOaj.s:694    .text:00000000000003f4 .LFB87
     /tmp/ccY4MOaj.s:768    .text:0000000000000484 .LFE87
     /tmp/ccY4MOaj.s:4168   .debug_loc:0000000000000082 .LLST10
     /tmp/ccY4MOaj.s:4186   .debug_loc:00000000000000ce .LLST11
     /tmp/ccY4MOaj.s:717    .text:0000000000000420 .LVL76
     /tmp/ccY4MOaj.s:722    .text:000000000000042c .LVL77
     /tmp/ccY4MOaj.s:747    .text:0000000000000460 .LVL78
     /tmp/ccY4MOaj.s:752    .text:000000000000046c .LVL79
     /tmp/ccY4MOaj.s:611    .text:0000000000000364 .LFB86
     /tmp/ccY4MOaj.s:688    .text:00000000000003f4 .LFE86
     /tmp/ccY4MOaj.s:4200   .debug_loc:0000000000000107 .LLST8
GAS LISTING /tmp/ccY4MOaj.s 			page 28


     /tmp/ccY4MOaj.s:4218   .debug_loc:0000000000000153 .LLST9
     /tmp/ccY4MOaj.s:633    .text:000000000000038c .LVL67
     /tmp/ccY4MOaj.s:638    .text:0000000000000398 .LVL68
     /tmp/ccY4MOaj.s:664    .text:00000000000003cc .LVL70
     /tmp/ccY4MOaj.s:669    .text:00000000000003d8 .LVL71
     /tmp/ccY4MOaj.s:4442   .debug_str:0000000000000081 .LASF177
     /tmp/ccY4MOaj.s:4644   .debug_str:000000000000066f .LASF178
     /tmp/ccY4MOaj.s:449    .text:0000000000000274 .LFB84
     /tmp/ccY4MOaj.s:596    .text:0000000000000364 .LFE84
     /tmp/ccY4MOaj.s:4229   .debug_loc:0000000000000189 .LLST3
     /tmp/ccY4MOaj.s:475    .text:0000000000000298 .LBB18
     /tmp/ccY4MOaj.s:485    .text:00000000000002a4 .LBE18
     /tmp/ccY4MOaj.s:4247   .debug_loc:00000000000001d5 .LLST4
     /tmp/ccY4MOaj.s:483    .text:00000000000002a4 .LVL49
     /tmp/ccY4MOaj.s:497    .text:00000000000002b8 .LBB20
     /tmp/ccY4MOaj.s:505    .text:00000000000002c4 .LBE20
     /tmp/ccY4MOaj.s:4254   .debug_loc:00000000000001f8 .LLST5
     /tmp/ccY4MOaj.s:503    .text:00000000000002c4 .LVL52
     /tmp/ccY4MOaj.s:523    .text:00000000000002e0 .LBB22
     /tmp/ccY4MOaj.s:531    .text:00000000000002ec .LBE22
     /tmp/ccY4MOaj.s:4261   .debug_loc:000000000000021b .LLST6
     /tmp/ccY4MOaj.s:529    .text:00000000000002ec .LVL55
     /tmp/ccY4MOaj.s:543    .text:0000000000000300 .LBB24
     /tmp/ccY4MOaj.s:551    .text:000000000000030c .LBE24
     /tmp/ccY4MOaj.s:4268   .debug_loc:000000000000023e .LLST7
     /tmp/ccY4MOaj.s:549    .text:000000000000030c .LVL58
     /tmp/ccY4MOaj.s:489    .text:00000000000002b0 .LVL50
     /tmp/ccY4MOaj.s:509    .text:00000000000002d0 .LVL53
     /tmp/ccY4MOaj.s:535    .text:00000000000002f8 .LVL56
     /tmp/ccY4MOaj.s:555    .text:0000000000000318 .LVL59
     /tmp/ccY4MOaj.s:564    .text:0000000000000328 .LVL60
     /tmp/ccY4MOaj.s:569    .text:0000000000000334 .LVL61
     /tmp/ccY4MOaj.s:574    .text:0000000000000340 .LVL62
     /tmp/ccY4MOaj.s:579    .text:000000000000034c .LVL63
     /tmp/ccY4MOaj.s:4516   .debug_str:000000000000027a .LASF179
     /tmp/ccY4MOaj.s:386    .text:0000000000000274 .LFE81
     /tmp/ccY4MOaj.s:4275   .debug_loc:0000000000000261 .LLST1
     /tmp/ccY4MOaj.s:4337   .debug_loc:0000000000000351 .LLST2
     /tmp/ccY4MOaj.s:269    .text:0000000000000174 .LVL25
     /tmp/ccY4MOaj.s:276    .text:0000000000000188 .LVL26
     /tmp/ccY4MOaj.s:283    .text:0000000000000194 .LVL27
     /tmp/ccY4MOaj.s:290    .text:00000000000001a8 .LVL28
     /tmp/ccY4MOaj.s:297    .text:00000000000001b4 .LVL29
     /tmp/ccY4MOaj.s:304    .text:00000000000001c8 .LVL30
     /tmp/ccY4MOaj.s:311    .text:00000000000001d4 .LVL31
     /tmp/ccY4MOaj.s:318    .text:00000000000001e8 .LVL32
     /tmp/ccY4MOaj.s:327    .text:00000000000001fc .LVL34
     /tmp/ccY4MOaj.s:331    .text:0000000000000208 .LVL35
     /tmp/ccY4MOaj.s:339    .text:0000000000000218 .LVL37
     /tmp/ccY4MOaj.s:343    .text:0000000000000224 .LVL38
     /tmp/ccY4MOaj.s:351    .text:0000000000000234 .LVL40
     /tmp/ccY4MOaj.s:355    .text:0000000000000240 .LVL41
     /tmp/ccY4MOaj.s:363    .text:0000000000000250 .LVL43
     /tmp/ccY4MOaj.s:367    .text:000000000000025c .LVL44
     /tmp/ccY4MOaj.s:4604   .debug_str:0000000000000548 .LASF180
     /tmp/ccY4MOaj.s:167    .text:000000000000013c .LFE78
     /tmp/ccY4MOaj.s:4351   .debug_loc:000000000000038a .LLST0
GAS LISTING /tmp/ccY4MOaj.s 			page 29


     /tmp/ccY4MOaj.s:50     .text:000000000000003c .LVL2
     /tmp/ccY4MOaj.s:57     .text:0000000000000050 .LVL3
     /tmp/ccY4MOaj.s:64     .text:000000000000005c .LVL4
     /tmp/ccY4MOaj.s:71     .text:0000000000000070 .LVL5
     /tmp/ccY4MOaj.s:78     .text:000000000000007c .LVL6
     /tmp/ccY4MOaj.s:85     .text:0000000000000090 .LVL7
     /tmp/ccY4MOaj.s:92     .text:000000000000009c .LVL8
     /tmp/ccY4MOaj.s:99     .text:00000000000000b0 .LVL9
     /tmp/ccY4MOaj.s:108    .text:00000000000000c4 .LVL11
     /tmp/ccY4MOaj.s:112    .text:00000000000000d0 .LVL12
     /tmp/ccY4MOaj.s:120    .text:00000000000000e0 .LVL14
     /tmp/ccY4MOaj.s:124    .text:00000000000000ec .LVL15
     /tmp/ccY4MOaj.s:132    .text:00000000000000fc .LVL17
     /tmp/ccY4MOaj.s:136    .text:0000000000000108 .LVL18
     /tmp/ccY4MOaj.s:144    .text:0000000000000118 .LVL20
     /tmp/ccY4MOaj.s:148    .text:0000000000000124 .LVL21
     /tmp/ccY4MOaj.s:4478   .debug_str:0000000000000190 .LASF193
     /tmp/ccY4MOaj.s:4814   .debug_str:0000000000000c30 .LASF181
     /tmp/ccY4MOaj.s:4818   .debug_str:0000000000000c4f .LASF183
     /tmp/ccY4MOaj.s:4666   .debug_str:00000000000006f9 .LASF182
     /tmp/ccY4MOaj.s:4548   .debug_str:0000000000000347 .LASF184
     /tmp/ccY4MOaj.s:4456   .debug_str:00000000000000ef .LASF185
     /tmp/ccY4MOaj.s:4650   .debug_str:000000000000068e .LASF186
     /tmp/ccY4MOaj.s:4800   .debug_str:0000000000000bc6 .LASF194
     /tmp/ccY4MOaj.s:4544   .debug_str:0000000000000321 .LASF195
     /tmp/ccY4MOaj.s:777    .text:0000000000000484 .LVL81
     /tmp/ccY4MOaj.s:794    .text:00000000000004a4 .LVL82
     /tmp/ccY4MOaj.s:843    .text:0000000000000508 .LVL88
     /tmp/ccY4MOaj.s:808    .text:00000000000004c4 .LVL85
     /tmp/ccY4MOaj.s:846    .text:000000000000050c .LVL89
     /tmp/ccY4MOaj.s:697    .text:00000000000003f4 .LVL74
     /tmp/ccY4MOaj.s:715    .text:0000000000000418 .LVL75
     /tmp/ccY4MOaj.s:761    .text:0000000000000478 .LVL80
     /tmp/ccY4MOaj.s:614    .text:0000000000000364 .LVL65
     /tmp/ccY4MOaj.s:631    .text:0000000000000384 .LVL66
     /tmp/ccY4MOaj.s:680    .text:00000000000003e8 .LVL72
     /tmp/ccY4MOaj.s:645    .text:00000000000003a4 .LVL69
     /tmp/ccY4MOaj.s:683    .text:00000000000003ec .LVL73
     /tmp/ccY4MOaj.s:454    .text:0000000000000274 .LVL46
     /tmp/ccY4MOaj.s:481    .text:000000000000029c .LVL48
     /tmp/ccY4MOaj.s:589    .text:0000000000000358 .LVL64
     /tmp/ccY4MOaj.s:474    .text:0000000000000298 .LVL47
     /tmp/ccY4MOaj.s:496    .text:00000000000002b8 .LVL51
     /tmp/ccY4MOaj.s:522    .text:00000000000002e0 .LVL54
     /tmp/ccY4MOaj.s:542    .text:0000000000000300 .LVL57
     /tmp/ccY4MOaj.s:236    .text:000000000000013c .LVL23
     /tmp/ccY4MOaj.s:266    .text:000000000000016c .LVL24
     /tmp/ccY4MOaj.s:323    .text:00000000000001f0 .LVL33
     /tmp/ccY4MOaj.s:335    .text:000000000000020c .LVL36
     /tmp/ccY4MOaj.s:347    .text:0000000000000228 .LVL39
     /tmp/ccY4MOaj.s:359    .text:0000000000000244 .LVL42
     /tmp/ccY4MOaj.s:379    .text:0000000000000268 .LVL45
     /tmp/ccY4MOaj.s:16     .text:0000000000000000 .LVL0
     /tmp/ccY4MOaj.s:47     .text:0000000000000034 .LVL1
     /tmp/ccY4MOaj.s:104    .text:00000000000000b8 .LVL10
     /tmp/ccY4MOaj.s:116    .text:00000000000000d4 .LVL13
     /tmp/ccY4MOaj.s:128    .text:00000000000000f0 .LVL16
GAS LISTING /tmp/ccY4MOaj.s 			page 30


     /tmp/ccY4MOaj.s:140    .text:000000000000010c .LVL19
     /tmp/ccY4MOaj.s:160    .text:0000000000000130 .LVL22
     /tmp/ccY4MOaj.s:860    .debug_info:0000000000000000 .Ldebug_info0
     /tmp/ccY4MOaj.s:170    .gcc_except_table:0000000000000000 .LLSDA78
     /tmp/ccY4MOaj.s:388    .gcc_except_table:00000000000000a1 .LLSDA81
     /tmp/ccY4MOaj.s:598    .gcc_except_table:0000000000000142 .LLSDA84

UNDEFINED SYMBOLS
_ZN4_semnwEm
_ZN4_semC1EPPS_j
_ZN4_semdlEPv
_Unwind_Resume
__gxx_personality_v0
_ZN4_sem5closeEv
_Z9sem_closeP4_sem
_Z8sem_waitP4_sem
_Z10sem_signalP4_sem
_ZN4_sem4waitEv
_ZN4_sem6signalEv
