GAS LISTING /tmp/cc9jOQUV.s 			page 1


   1              		.file	"mem.cpp"
   2              		.option pic
   3              		.option norelax
   4              		.text
   5              	.Ltext0:
   6              	.Letext0:
   7              		.file 1 "src/../lib/hw.h"
GAS LISTING /tmp/cc9jOQUV.s 			page 2


DEFINED SYMBOLS
                            *ABS*:0000000000000000 mem.cpp
     /tmp/cc9jOQUV.s:130    .debug_abbrev:0000000000000000 .Ldebug_abbrev0
     /tmp/cc9jOQUV.s:290    .debug_str:00000000000000e5 .LASF17
     /tmp/cc9jOQUV.s:262    .debug_str:000000000000000d .LASF18
     /tmp/cc9jOQUV.s:294    .debug_str:00000000000001b8 .LASF19
     /tmp/cc9jOQUV.s:258    .debug_line:0000000000000000 .Ldebug_line0
     /tmp/cc9jOQUV.s:260    .debug_str:0000000000000000 .LASF0
     /tmp/cc9jOQUV.s:288    .debug_str:00000000000000d2 .LASF1
     /tmp/cc9jOQUV.s:280    .debug_str:0000000000000085 .LASF2
     /tmp/cc9jOQUV.s:276    .debug_str:0000000000000072 .LASF4
     /tmp/cc9jOQUV.s:272    .debug_str:000000000000004d .LASF3
     /tmp/cc9jOQUV.s:268    .debug_str:0000000000000036 .LASF5
     /tmp/cc9jOQUV.s:274    .debug_str:000000000000005f .LASF6
     /tmp/cc9jOQUV.s:286    .debug_str:00000000000000bf .LASF7
     /tmp/cc9jOQUV.s:296    .debug_str:00000000000001d7 .LASF8
     /tmp/cc9jOQUV.s:264    .debug_str:0000000000000019 .LASF9
     /tmp/cc9jOQUV.s:266    .debug_str:0000000000000027 .LASF10
     /tmp/cc9jOQUV.s:292    .debug_str:00000000000001a9 .LASF11
     /tmp/cc9jOQUV.s:270    .debug_str:000000000000003d .LASF12
     /tmp/cc9jOQUV.s:298    .debug_str:00000000000001e7 .LASF13
     /tmp/cc9jOQUV.s:278    .debug_str:0000000000000079 .LASF14
     /tmp/cc9jOQUV.s:284    .debug_str:00000000000000a9 .LASF15
     /tmp/cc9jOQUV.s:282    .debug_str:0000000000000093 .LASF16
     /tmp/cc9jOQUV.s:9      .debug_info:0000000000000000 .Ldebug_info0

NO UNDEFINED SYMBOLS
