GAS LISTING /tmp/ccMavSyf.s 			page 1


   1              		.file	"scheduler.cpp"
   2              		.option pic
   3              		.option norelax
   4              		.text
   5              	.Ltext0:
   6              		.align	2
   8              	_Z41__static_initialization_and_destruction_0ii:
   9              	.LFB24:
  10              		.file 1 "src/scheduler.cpp"
   1:src/scheduler.cpp **** //
   2:src/scheduler.cpp **** // Created by marko on 20.4.22..
   3:src/scheduler.cpp **** //
   4:src/scheduler.cpp **** 
   5:src/scheduler.cpp **** #include "../h/scheduler.hpp"
   6:src/scheduler.cpp **** 
   7:src/scheduler.cpp **** List<TCB> Scheduler::readyCoroutineQueue;
   8:src/scheduler.cpp **** 
   9:src/scheduler.cpp **** TCB *Scheduler::get()
  10:src/scheduler.cpp **** {
  11:src/scheduler.cpp ****     return readyCoroutineQueue.removeFirst();
  12:src/scheduler.cpp **** }
  13:src/scheduler.cpp **** 
  14:src/scheduler.cpp **** void Scheduler::put(TCB *tcb)
  15:src/scheduler.cpp **** {
  16:src/scheduler.cpp ****     readyCoroutineQueue.addLast(tcb);
  17:src/scheduler.cpp **** }...
  11              		.loc 1 17 1
  12              		.cfi_startproc
  13              	.LVL0:
  14 0000 130101FF 		addi	sp,sp,-16
  15              		.cfi_def_cfa_offset 16
  16 0004 23348100 		sd	s0,8(sp)
  17              		.cfi_offset 8, -8
  18 0008 13040101 		addi	s0,sp,16
  19              		.cfi_def_cfa 8, 0
  20              		.loc 1 17 1 is_stmt 0
  21 000c 93071000 		li	a5,1
  22 0010 6308F500 		beq	a0,a5,.L4
  23              	.L1:
  24 0014 03348100 		ld	s0,8(sp)
  25              		.cfi_remember_state
  26              		.cfi_restore 8
  27              		.cfi_def_cfa 2, 16
  28 0018 13010101 		addi	sp,sp,16
  29              		.cfi_def_cfa_offset 0
  30 001c 67800000 		jr	ra
  31              	.L4:
  32              		.cfi_restore_state
  33              		.loc 1 17 1 discriminator 1
  34 0020 B7070100 		li	a5,65536
  35 0024 9387F7FF 		addi	a5,a5,-1
  36 0028 E396F5FE 		bne	a1,a5,.L1
  37              	.LVL1:
  38              	.LBB12:
  39              	.LBB13:
  40              	.LBB14:
  41              		.file 2 "src/../h/list.hpp"
GAS LISTING /tmp/ccMavSyf.s 			page 2


   1:src/../h/list.hpp **** //
   2:src/../h/list.hpp **** // Created by marko on 20.4.22..
   3:src/../h/list.hpp **** //
   4:src/../h/list.hpp **** 
   5:src/../h/list.hpp **** #ifndef OS1_VEZBE07_RISCV_CONTEXT_SWITCH_1_SYNCHRONOUS_LIST_HPP
   6:src/../h/list.hpp **** #define OS1_VEZBE07_RISCV_CONTEXT_SWITCH_1_SYNCHRONOUS_LIST_HPP
   7:src/../h/list.hpp **** #include "../lib/mem.h"
   8:src/../h/list.hpp **** template<typename T>
   9:src/../h/list.hpp **** class List
  10:src/../h/list.hpp **** {
  11:src/../h/list.hpp **** private:
  12:src/../h/list.hpp ****     struct Elem
  13:src/../h/list.hpp ****     {
  14:src/../h/list.hpp ****         T *data;
  15:src/../h/list.hpp ****         Elem *next;
  16:src/../h/list.hpp **** 
  17:src/../h/list.hpp ****         Elem(T *data, Elem *next) : data(data), next(next) {}
  18:src/../h/list.hpp ****         void *operator new (size_t size){return __mem_alloc(size);}
  19:src/../h/list.hpp ****         void operator delete (void * ptr){ __mem_free(ptr);}
  20:src/../h/list.hpp ****     };
  21:src/../h/list.hpp **** 
  22:src/../h/list.hpp ****     Elem *head, *tail;
  23:src/../h/list.hpp ****     unsigned sizeofList=0;
  24:src/../h/list.hpp **** public:
  25:src/../h/list.hpp ****     List() : head(0), tail(0) {
  42              		.loc 2 25 29
  43 002c 97070000 		lla	a5,.LANCHOR0
  43      93870700 
  44 0034 23B00700 		sd	zero,0(a5)
  45 0038 23B40700 		sd	zero,8(a5)
  46 003c 23A80700 		sw	zero,16(a5)
  47              	.LVL2:
  48              	.LBE14:
  49              	.LBE13:
  50              	.LBE12:
  51              		.loc 1 17 1
  52 0040 6FF05FFD 		j	.L1
  53              		.cfi_endproc
  54              	.LFE24:
  56              		.align	2
  57              		.globl	_ZN9Scheduler3getEv
  59              	_ZN9Scheduler3getEv:
  60              	.LFB12:
  10:src/scheduler.cpp **** {
  61              		.loc 1 10 1 is_stmt 1
  62              		.cfi_startproc
  63 0044 130101FE 		addi	sp,sp,-32
  64              		.cfi_def_cfa_offset 32
  65 0048 233C1100 		sd	ra,24(sp)
  66 004c 23388100 		sd	s0,16(sp)
  67 0050 23349100 		sd	s1,8(sp)
  68              		.cfi_offset 1, -8
  69              		.cfi_offset 8, -16
  70              		.cfi_offset 9, -24
  71 0054 13040102 		addi	s0,sp,32
  72              		.cfi_def_cfa 8, 0
  11:src/scheduler.cpp ****     return readyCoroutineQueue.removeFirst();
GAS LISTING /tmp/ccMavSyf.s 			page 3


  73              		.loc 1 11 5
  74              	.LVL3:
  75              	.LBB19:
  76              	.LBB20:
  26:src/../h/list.hpp ****         sizeofList=0;
  27:src/../h/list.hpp ****     }
  28:src/../h/list.hpp **** 
  29:src/../h/list.hpp ****     List(const List<T> &) = delete;
  30:src/../h/list.hpp **** 
  31:src/../h/list.hpp ****     List<T> &operator=(const List<T> &) = delete;
  32:src/../h/list.hpp ****     unsigned size() const {return sizeofList;}
  33:src/../h/list.hpp ****     void addFirst(T *data)
  34:src/../h/list.hpp ****     {
  35:src/../h/list.hpp ****         Elem *elem = new Elem(data, head);
  36:src/../h/list.hpp ****         head = elem;
  37:src/../h/list.hpp ****         if (!tail) { tail = head; }
  38:src/../h/list.hpp ****         sizeofList++;
  39:src/../h/list.hpp ****     }
  40:src/../h/list.hpp **** 
  41:src/../h/list.hpp ****     void addLast(T *data)
  42:src/../h/list.hpp ****     {
  43:src/../h/list.hpp ****         Elem *elem = new Elem(data, 0);
  44:src/../h/list.hpp ****         if (tail)
  45:src/../h/list.hpp ****         {
  46:src/../h/list.hpp ****             tail->next = elem;
  47:src/../h/list.hpp ****             tail = elem;
  48:src/../h/list.hpp ****         } else
  49:src/../h/list.hpp ****         {
  50:src/../h/list.hpp ****             head = tail = elem;
  51:src/../h/list.hpp ****         }
  52:src/../h/list.hpp ****         sizeofList++;
  53:src/../h/list.hpp ****     }
  54:src/../h/list.hpp **** 
  55:src/../h/list.hpp ****     T *removeFirst()
  56:src/../h/list.hpp ****     {
  57:src/../h/list.hpp ****         if (!head) { return 0; }
  77              		.loc 2 57 14 is_stmt 0
  78 0058 17050000 		ld	a0,.LANCHOR0
  78      03350500 
  79              		.loc 2 57 9
  80 0060 630C0504 		beqz	a0,.L8
  81              	.LVL4:
  58:src/../h/list.hpp **** 
  59:src/../h/list.hpp ****         Elem *elem = head;
  60:src/../h/list.hpp ****         head = head->next;
  82              		.loc 2 60 22
  83 0064 83378500 		ld	a5,8(a0)
  84              		.loc 2 60 9
  85 0068 17070000 		sd	a5,.LANCHOR0,a4
  85      2330F700 
  61:src/../h/list.hpp ****         if (!head) { tail = 0; }
  86              		.loc 2 61 9
  87 0070 638E0702 		beqz	a5,.L10
  88              	.L7:
  62:src/../h/list.hpp ****         sizeofList--;
  89              		.loc 2 62 9
  90 0074 17070000 		lla	a4,.LANCHOR0
GAS LISTING /tmp/ccMavSyf.s 			page 4


  90      13070700 
  91 007c 83270701 		lw	a5,16(a4)
  92 0080 9B87F7FF 		addiw	a5,a5,-1
  93 0084 2328F700 		sw	a5,16(a4)
  63:src/../h/list.hpp ****         T *ret = elem->data;
  94              		.loc 2 63 12
  95 0088 83340500 		ld	s1,0(a0)
  96              	.LVL5:
  97              	.LBB21:
  98              	.LBB22:
  19:src/../h/list.hpp ****     };
  99              		.loc 2 19 54
 100 008c 97000000 		call	__mem_free@plt
 100      E7800000 
 101              	.LVL6:
 102              	.L5:
 103              	.LBE22:
 104              	.LBE21:
 105              	.LBE20:
 106              	.LBE19:
  12:src/scheduler.cpp **** }
 107              		.loc 1 12 1
 108 0094 13850400 		mv	a0,s1
 109 0098 83308101 		ld	ra,24(sp)
 110              		.cfi_remember_state
 111              		.cfi_restore 1
 112 009c 03340101 		ld	s0,16(sp)
 113              		.cfi_restore 8
 114              		.cfi_def_cfa 2, 32
 115 00a0 83348100 		ld	s1,8(sp)
 116              		.cfi_restore 9
 117 00a4 13010102 		addi	sp,sp,32
 118              		.cfi_def_cfa_offset 0
 119 00a8 67800000 		jr	ra
 120              	.LVL7:
 121              	.L10:
 122              		.cfi_restore_state
 123              	.LBB24:
 124              	.LBB23:
  61:src/../h/list.hpp ****         sizeofList--;
 125              		.loc 2 61 22
 126 00ac 97070000 		sd	zero,.LANCHOR0+8,a5
 126      23B00700 
 127 00b4 6FF01FFC 		j	.L7
 128              	.LVL8:
 129              	.L8:
  57:src/../h/list.hpp **** 
 130              		.loc 2 57 29
 131 00b8 93040500 		mv	s1,a0
 132              	.LVL9:
 133              	.LBE23:
 134              	.LBE24:
  11:src/scheduler.cpp ****     return readyCoroutineQueue.removeFirst();
 135              		.loc 1 11 44
 136 00bc 6FF09FFD 		j	.L5
 137              		.cfi_endproc
 138              	.LFE12:
GAS LISTING /tmp/ccMavSyf.s 			page 5


 140              		.align	2
 141              		.globl	_ZN9Scheduler3putEP3TCB
 143              	_ZN9Scheduler3putEP3TCB:
 144              	.LFB13:
  15:src/scheduler.cpp **** {
 145              		.loc 1 15 1 is_stmt 1
 146              		.cfi_startproc
 147              	.LVL10:
 148 00c0 130101FE 		addi	sp,sp,-32
 149              		.cfi_def_cfa_offset 32
 150 00c4 233C1100 		sd	ra,24(sp)
 151 00c8 23388100 		sd	s0,16(sp)
 152 00cc 23349100 		sd	s1,8(sp)
 153              		.cfi_offset 1, -8
 154              		.cfi_offset 8, -16
 155              		.cfi_offset 9, -24
 156 00d0 13040102 		addi	s0,sp,32
 157              		.cfi_def_cfa 8, 0
 158 00d4 93040500 		mv	s1,a0
  16:src/scheduler.cpp ****     readyCoroutineQueue.addLast(tcb);
 159              		.loc 1 16 5
 160              	.LVL11:
 161              	.LBB32:
 162              	.LBB33:
 163              	.LBB34:
 164              	.LBB35:
  18:src/../h/list.hpp ****         void operator delete (void * ptr){ __mem_free(ptr);}
 165              		.loc 2 18 60 is_stmt 0
 166 00d8 13050001 		li	a0,16
 167              	.LVL12:
 168 00dc 97000000 		call	__mem_alloc@plt
 168      E7800000 
 169              	.LVL13:
 170              	.LBE35:
 171              	.LBE34:
 172              	.LBB36:
 173              	.LBB37:
  17:src/../h/list.hpp ****         void *operator new (size_t size){return __mem_alloc(size);}
 174              		.loc 2 17 58
 175 00e4 23309500 		sd	s1,0(a0)
 176 00e8 23340500 		sd	zero,8(a0)
 177              	.LVL14:
 178              	.LBE37:
 179              	.LBE36:
  44:src/../h/list.hpp ****         {
 180              		.loc 2 44 13
 181 00ec 97070000 		ld	a5,.LANCHOR0+8
 181      83B70700 
  44:src/../h/list.hpp ****         {
 182              		.loc 2 44 9
 183 00f4 638C0702 		beqz	a5,.L12
  46:src/../h/list.hpp ****             tail = elem;
 184              		.loc 2 46 13
 185 00f8 23B4A700 		sd	a0,8(a5)
  47:src/../h/list.hpp ****         } else
 186              		.loc 2 47 13
 187 00fc 97070000 		sd	a0,.LANCHOR0+8,a5
GAS LISTING /tmp/ccMavSyf.s 			page 6


 187      23B0A700 
 188              	.L13:
  52:src/../h/list.hpp ****     }
 189              		.loc 2 52 9
 190 0104 17070000 		lla	a4,.LANCHOR0
 190      13070700 
 191 010c 83270701 		lw	a5,16(a4)
 192 0110 9B871700 		addiw	a5,a5,1
 193 0114 2328F700 		sw	a5,16(a4)
 194              	.LVL15:
 195              	.LBE33:
 196              	.LBE32:
 197              		.loc 1 17 1
 198 0118 83308101 		ld	ra,24(sp)
 199              		.cfi_remember_state
 200              		.cfi_restore 1
 201 011c 03340101 		ld	s0,16(sp)
 202              		.cfi_restore 8
 203              		.cfi_def_cfa 2, 32
 204 0120 83348100 		ld	s1,8(sp)
 205              		.cfi_restore 9
 206              	.LVL16:
 207 0124 13010102 		addi	sp,sp,32
 208              		.cfi_def_cfa_offset 0
 209 0128 67800000 		jr	ra
 210              	.LVL17:
 211              	.L12:
 212              		.cfi_restore_state
 213              	.LBB39:
 214              	.LBB38:
  50:src/../h/list.hpp ****         }
 215              		.loc 2 50 13
 216 012c 97070000 		lla	a5,.LANCHOR0
 216      93870700 
 217 0134 23B4A700 		sd	a0,8(a5)
 218 0138 23B0A700 		sd	a0,0(a5)
 219 013c 6FF09FFC 		j	.L13
 220              	.LBE38:
 221              	.LBE39:
 222              		.cfi_endproc
 223              	.LFE13:
 225              		.align	2
 227              	_GLOBAL__sub_I__ZN9Scheduler19readyCoroutineQueueE:
 228              	.LFB25:
 229              		.loc 1 17 1 is_stmt 1
 230              		.cfi_startproc
 231 0140 130101FF 		addi	sp,sp,-16
 232              		.cfi_def_cfa_offset 16
 233 0144 23341100 		sd	ra,8(sp)
 234 0148 23308100 		sd	s0,0(sp)
 235              		.cfi_offset 1, -8
 236              		.cfi_offset 8, -16
 237 014c 13040101 		addi	s0,sp,16
 238              		.cfi_def_cfa 8, 0
 239              		.loc 1 17 1 is_stmt 0
 240 0150 B7050100 		li	a1,65536
 241 0154 9385F5FF 		addi	a1,a1,-1
GAS LISTING /tmp/ccMavSyf.s 			page 7


 242 0158 13051000 		li	a0,1
 243 015c 97000000 		call	_Z41__static_initialization_and_destruction_0ii
 243      E7800000 
 244              	.LVL18:
 245 0164 83308100 		ld	ra,8(sp)
 246              		.cfi_restore 1
 247 0168 03340100 		ld	s0,0(sp)
 248              		.cfi_restore 8
 249              		.cfi_def_cfa 2, 16
 250 016c 13010101 		addi	sp,sp,16
 251              		.cfi_def_cfa_offset 0
 252 0170 67800000 		jr	ra
 253              		.cfi_endproc
 254              	.LFE25:
 256              		.section	.init_array,"aw"
 257              		.align	3
 258 0000 00000000 		.dword	_GLOBAL__sub_I__ZN9Scheduler19readyCoroutineQueueE
 258      00000000 
 259              		.globl	_ZN9Scheduler19readyCoroutineQueueE
 260              		.bss
 261              		.align	3
 262              		.set	.LANCHOR0,. + 0
 265              	_ZN9Scheduler19readyCoroutineQueueE:
 266 0000 00000000 		.zero	24
 266      00000000 
 266      00000000 
 266      00000000 
 266      00000000 
 267              		.text
 268              	.Letext0:
 269              		.file 3 "src/../h/../lib/hw.h"
 270              		.file 4 "src/../h/scheduler.hpp"
 271              		.file 5 "src/../h/../lib/mem.h"
GAS LISTING /tmp/ccMavSyf.s 			page 8


DEFINED SYMBOLS
                            *ABS*:0000000000000000 scheduler.cpp
     /tmp/ccMavSyf.s:8      .text:0000000000000000 _Z41__static_initialization_and_destruction_0ii
     /tmp/ccMavSyf.s:12     .text:0000000000000000 .L0 
     /tmp/ccMavSyf.s:14     .text:0000000000000000 .L0 
     /tmp/ccMavSyf.s:15     .text:0000000000000004 .L0 
     /tmp/ccMavSyf.s:17     .text:0000000000000008 .L0 
     /tmp/ccMavSyf.s:19     .text:000000000000000c .L0 
     /tmp/ccMavSyf.s:21     .text:000000000000000c .L0 
     /tmp/ccMavSyf.s:25     .text:0000000000000018 .L0 
     /tmp/ccMavSyf.s:26     .text:0000000000000018 .L0 
     /tmp/ccMavSyf.s:27     .text:0000000000000018 .L0 
     /tmp/ccMavSyf.s:29     .text:000000000000001c .L0 
     /tmp/ccMavSyf.s:32     .text:0000000000000020 .L0 
     /tmp/ccMavSyf.s:34     .text:0000000000000020 .L0 
     /tmp/ccMavSyf.s:43     .text:000000000000002c .L0 
     /tmp/ccMavSyf.s:52     .text:0000000000000040 .L0 
     /tmp/ccMavSyf.s:53     .text:0000000000000044 .L0 
     /tmp/ccMavSyf.s:59     .text:0000000000000044 _ZN9Scheduler3getEv
     /tmp/ccMavSyf.s:62     .text:0000000000000044 .L0 
     /tmp/ccMavSyf.s:63     .text:0000000000000044 .L0 
     /tmp/ccMavSyf.s:64     .text:0000000000000048 .L0 
     /tmp/ccMavSyf.s:68     .text:0000000000000054 .L0 
     /tmp/ccMavSyf.s:69     .text:0000000000000054 .L0 
     /tmp/ccMavSyf.s:70     .text:0000000000000054 .L0 
     /tmp/ccMavSyf.s:72     .text:0000000000000058 .L0 
     /tmp/ccMavSyf.s:77     .text:0000000000000058 .L0 
     /tmp/ccMavSyf.s:78     .text:0000000000000058 .L0 
     /tmp/ccMavSyf.s:80     .text:0000000000000060 .L0 
     /tmp/ccMavSyf.s:83     .text:0000000000000064 .L0 
     /tmp/ccMavSyf.s:85     .text:0000000000000068 .L0 
     /tmp/ccMavSyf.s:87     .text:0000000000000070 .L0 
     /tmp/ccMavSyf.s:90     .text:0000000000000074 .L0 
     /tmp/ccMavSyf.s:95     .text:0000000000000088 .L0 
     /tmp/ccMavSyf.s:100    .text:000000000000008c .L0 
     /tmp/ccMavSyf.s:108    .text:0000000000000094 .L0 
     /tmp/ccMavSyf.s:110    .text:000000000000009c .L0 
     /tmp/ccMavSyf.s:111    .text:000000000000009c .L0 
     /tmp/ccMavSyf.s:113    .text:00000000000000a0 .L0 
     /tmp/ccMavSyf.s:114    .text:00000000000000a0 .L0 
     /tmp/ccMavSyf.s:116    .text:00000000000000a4 .L0 
     /tmp/ccMavSyf.s:118    .text:00000000000000a8 .L0 
     /tmp/ccMavSyf.s:122    .text:00000000000000ac .L0 
     /tmp/ccMavSyf.s:126    .text:00000000000000ac .L0 
     /tmp/ccMavSyf.s:131    .text:00000000000000b8 .L0 
     /tmp/ccMavSyf.s:136    .text:00000000000000bc .L0 
     /tmp/ccMavSyf.s:137    .text:00000000000000c0 .L0 
     /tmp/ccMavSyf.s:143    .text:00000000000000c0 _ZN9Scheduler3putEP3TCB
     /tmp/ccMavSyf.s:146    .text:00000000000000c0 .L0 
     /tmp/ccMavSyf.s:148    .text:00000000000000c0 .L0 
     /tmp/ccMavSyf.s:149    .text:00000000000000c4 .L0 
     /tmp/ccMavSyf.s:153    .text:00000000000000d0 .L0 
     /tmp/ccMavSyf.s:154    .text:00000000000000d0 .L0 
     /tmp/ccMavSyf.s:155    .text:00000000000000d0 .L0 
     /tmp/ccMavSyf.s:157    .text:00000000000000d4 .L0 
     /tmp/ccMavSyf.s:165    .text:00000000000000d8 .L0 
     /tmp/ccMavSyf.s:166    .text:00000000000000d8 .L0 
GAS LISTING /tmp/ccMavSyf.s 			page 9


     /tmp/ccMavSyf.s:175    .text:00000000000000e4 .L0 
     /tmp/ccMavSyf.s:181    .text:00000000000000ec .L0 
     /tmp/ccMavSyf.s:183    .text:00000000000000f4 .L0 
     /tmp/ccMavSyf.s:185    .text:00000000000000f8 .L0 
     /tmp/ccMavSyf.s:187    .text:00000000000000fc .L0 
     /tmp/ccMavSyf.s:190    .text:0000000000000104 .L0 
     /tmp/ccMavSyf.s:198    .text:0000000000000118 .L0 
     /tmp/ccMavSyf.s:199    .text:000000000000011c .L0 
     /tmp/ccMavSyf.s:200    .text:000000000000011c .L0 
     /tmp/ccMavSyf.s:202    .text:0000000000000120 .L0 
     /tmp/ccMavSyf.s:203    .text:0000000000000120 .L0 
     /tmp/ccMavSyf.s:205    .text:0000000000000124 .L0 
     /tmp/ccMavSyf.s:208    .text:0000000000000128 .L0 
     /tmp/ccMavSyf.s:212    .text:000000000000012c .L0 
     /tmp/ccMavSyf.s:216    .text:000000000000012c .L0 
     /tmp/ccMavSyf.s:222    .text:0000000000000140 .L0 
     /tmp/ccMavSyf.s:227    .text:0000000000000140 _GLOBAL__sub_I__ZN9Scheduler19readyCoroutineQueueE
     /tmp/ccMavSyf.s:230    .text:0000000000000140 .L0 
     /tmp/ccMavSyf.s:231    .text:0000000000000140 .L0 
     /tmp/ccMavSyf.s:232    .text:0000000000000144 .L0 
     /tmp/ccMavSyf.s:235    .text:000000000000014c .L0 
     /tmp/ccMavSyf.s:236    .text:000000000000014c .L0 
     /tmp/ccMavSyf.s:238    .text:0000000000000150 .L0 
     /tmp/ccMavSyf.s:240    .text:0000000000000150 .L0 
     /tmp/ccMavSyf.s:246    .text:0000000000000168 .L0 
     /tmp/ccMavSyf.s:248    .text:000000000000016c .L0 
     /tmp/ccMavSyf.s:249    .text:000000000000016c .L0 
     /tmp/ccMavSyf.s:251    .text:0000000000000170 .L0 
     /tmp/ccMavSyf.s:253    .text:0000000000000174 .L0 
     /tmp/ccMavSyf.s:265    .bss:0000000000000000 _ZN9Scheduler19readyCoroutineQueueE
     /tmp/ccMavSyf.s:262    .bss:0000000000000000 .LANCHOR0
     /tmp/ccMavSyf.s:272    .text:0000000000000174 .L0 
     /tmp/ccMavSyf.s:43     .text:000000000000002c .L0 
     /tmp/ccMavSyf.s:78     .text:0000000000000058 .L0 
     /tmp/ccMavSyf.s:85     .text:0000000000000068 .L0 
     /tmp/ccMavSyf.s:90     .text:0000000000000074 .L0 
     /tmp/ccMavSyf.s:126    .text:00000000000000ac .L0 
     /tmp/ccMavSyf.s:181    .text:00000000000000ec .L0 
     /tmp/ccMavSyf.s:187    .text:00000000000000fc .L0 
     /tmp/ccMavSyf.s:190    .text:0000000000000104 .L0 
     /tmp/ccMavSyf.s:216    .text:000000000000012c .L0 
     /tmp/ccMavSyf.s:31     .text:0000000000000020 .L4
     /tmp/ccMavSyf.s:23     .text:0000000000000014 .L1
     /tmp/ccMavSyf.s:129    .text:00000000000000b8 .L8
     /tmp/ccMavSyf.s:121    .text:00000000000000ac .L10
     /tmp/ccMavSyf.s:88     .text:0000000000000074 .L7
     /tmp/ccMavSyf.s:102    .text:0000000000000094 .L5
     /tmp/ccMavSyf.s:211    .text:000000000000012c .L12
     /tmp/ccMavSyf.s:188    .text:0000000000000104 .L13
     /tmp/ccMavSyf.s:1013   .debug_abbrev:0000000000000000 .Ldebug_abbrev0
     /tmp/ccMavSyf.s:2064   .debug_str:000000000000022f .LASF57
     /tmp/ccMavSyf.s:2050   .debug_str:0000000000000194 .LASF58
     /tmp/ccMavSyf.s:2102   .debug_str:00000000000003fa .LASF59
     /tmp/ccMavSyf.s:5      .text:0000000000000000 .Ltext0
     /tmp/ccMavSyf.s:268    .text:0000000000000174 .Letext0
     /tmp/ccMavSyf.s:1996   .debug_line:0000000000000000 .Ldebug_line0
     /tmp/ccMavSyf.s:2072   .debug_str:0000000000000309 .LASF0
GAS LISTING /tmp/ccMavSyf.s 			page 10


     /tmp/ccMavSyf.s:2054   .debug_str:00000000000001b8 .LASF1
     /tmp/ccMavSyf.s:2044   .debug_str:0000000000000164 .LASF2
     /tmp/ccMavSyf.s:2014   .debug_str:0000000000000081 .LASF4
     /tmp/ccMavSyf.s:2052   .debug_str:00000000000001a6 .LASF3
     /tmp/ccMavSyf.s:2002   .debug_str:000000000000001e .LASF5
     /tmp/ccMavSyf.s:1998   .debug_str:0000000000000000 .LASF6
     /tmp/ccMavSyf.s:2034   .debug_str:0000000000000115 .LASF7
     /tmp/ccMavSyf.s:2086   .debug_str:0000000000000370 .LASF8
     /tmp/ccMavSyf.s:2012   .debug_str:0000000000000073 .LASF9
     /tmp/ccMavSyf.s:2132   .debug_str:000000000000053e .LASF10
     /tmp/ccMavSyf.s:2040   .debug_str:000000000000014b .LASF11
     /tmp/ccMavSyf.s:2120   .debug_str:00000000000004b4 .LASF12
     /tmp/ccMavSyf.s:2096   .debug_str:00000000000003b9 .LASF13
     /tmp/ccMavSyf.s:2056   .debug_str:00000000000001cb .LASF14
     /tmp/ccMavSyf.s:2024   .debug_str:00000000000000d6 .LASF15
     /tmp/ccMavSyf.s:2090   .debug_str:0000000000000399 .LASF16
     /tmp/ccMavSyf.s:2032   .debug_str:000000000000010b .LASF17
     /tmp/ccMavSyf.s:2126   .debug_str:00000000000004da .LASF60
     /tmp/ccMavSyf.s:2010   .debug_str:000000000000005f .LASF61
     /tmp/ccMavSyf.s:2022   .debug_str:00000000000000be .LASF62
     /tmp/ccMavSyf.s:2114   .debug_str:000000000000046f .LASF18
     /tmp/ccMavSyf.s:2092   .debug_str:00000000000003af .LASF21
     /tmp/ccMavSyf.s:2038   .debug_str:0000000000000146 .LASF19
     /tmp/ccMavSyf.s:2004   .debug_str:0000000000000025 .LASF20
     /tmp/ccMavSyf.s:2116   .debug_str:0000000000000479 .LASF23
     /tmp/ccMavSyf.s:2080   .debug_str:0000000000000343 .LASF22
     /tmp/ccMavSyf.s:2078   .debug_str:000000000000032b .LASF24
     /tmp/ccMavSyf.s:2076   .debug_str:000000000000031b .LASF63
     /tmp/ccMavSyf.s:2088   .debug_str:0000000000000380 .LASF64
     /tmp/ccMavSyf.s:2068   .debug_str:00000000000002fb .LASF25
     /tmp/ccMavSyf.s:2112   .debug_str:000000000000046a .LASF26
     /tmp/ccMavSyf.s:2008   .debug_str:0000000000000054 .LASF27
     /tmp/ccMavSyf.s:2026   .debug_str:00000000000000ec .LASF28
     /tmp/ccMavSyf.s:2018   .debug_str:000000000000009f .LASF33
     /tmp/ccMavSyf.s:2082   .debug_str:0000000000000350 .LASF30
     /tmp/ccMavSyf.s:2122   .debug_str:00000000000004c4 .LASF65
     /tmp/ccMavSyf.s:2098   .debug_str:00000000000003c9 .LASF66
     /tmp/ccMavSyf.s:2074   .debug_str:0000000000000316 .LASF29
     /tmp/ccMavSyf.s:2016   .debug_str:0000000000000088 .LASF31
     /tmp/ccMavSyf.s:2070   .debug_str:0000000000000300 .LASF32
     /tmp/ccMavSyf.s:2130   .debug_str:0000000000000521 .LASF34
     /tmp/ccMavSyf.s:2066   .debug_str:00000000000002f3 .LASF35
     /tmp/ccMavSyf.s:2118   .debug_str:0000000000000498 .LASF36
     /tmp/ccMavSyf.s:2020   .debug_str:00000000000000b2 .LASF37
     /tmp/ccMavSyf.s:2036   .debug_str:0000000000000128 .LASF38
     /tmp/ccMavSyf.s:2110   .debug_str:000000000000045e .LASF39
     /tmp/ccMavSyf.s:2060   .debug_str:00000000000001fb .LASF40
     /tmp/ccMavSyf.s:2042   .debug_str:000000000000015a .LASF41
     /tmp/ccMavSyf.s:2108   .debug_str:0000000000000443 .LASF42
     /tmp/ccMavSyf.s:2030   .debug_str:0000000000000100 .LASF43
     /tmp/ccMavSyf.s:2048   .debug_str:0000000000000177 .LASF44
     /tmp/ccMavSyf.s:2084   .debug_str:0000000000000367 .LASF45
     /tmp/ccMavSyf.s:2100   .debug_str:00000000000003e0 .LASF46
     /tmp/ccMavSyf.s:2058   .debug_str:00000000000001d7 .LASF67
     /tmp/ccMavSyf.s:2128   .debug_str:00000000000004ee .LASF47
     /tmp/ccMavSyf.s:228    .text:0000000000000140 .LFB25
     /tmp/ccMavSyf.s:254    .text:0000000000000174 .LFE25
GAS LISTING /tmp/ccMavSyf.s 			page 11


     /tmp/ccMavSyf.s:244    .text:0000000000000164 .LVL18
     /tmp/ccMavSyf.s:2006   .debug_str:000000000000002a .LASF48
     /tmp/ccMavSyf.s:9      .text:0000000000000000 .LFB24
     /tmp/ccMavSyf.s:54     .text:0000000000000044 .LFE24
     /tmp/ccMavSyf.s:2028   .debug_str:00000000000000f1 .LASF49
     /tmp/ccMavSyf.s:2000   .debug_str:0000000000000013 .LASF50
     /tmp/ccMavSyf.s:38     .text:000000000000002c .LBB12
     /tmp/ccMavSyf.s:50     .text:0000000000000040 .LBE12
     /tmp/ccMavSyf.s:1838   .debug_loc:0000000000000000 .LLST0
     /tmp/ccMavSyf.s:2046   .debug_str:0000000000000172 .LASF51
     /tmp/ccMavSyf.s:2106   .debug_str:0000000000000424 .LASF53
     /tmp/ccMavSyf.s:2094   .debug_str:00000000000003b4 .LASF52
     /tmp/ccMavSyf.s:2062   .debug_str:000000000000021c .LASF54
     /tmp/ccMavSyf.s:144    .text:00000000000000c0 .LFB13
     /tmp/ccMavSyf.s:223    .text:0000000000000140 .LFE13
     /tmp/ccMavSyf.s:1847   .debug_loc:000000000000002c .LLST5
     /tmp/ccMavSyf.s:161    .text:00000000000000d8 .LBB32
     /tmp/ccMavSyf.s:1982   .debug_ranges:0000000000000000 .Ldebug_ranges0
     /tmp/ccMavSyf.s:1869   .debug_loc:000000000000008b .LLST6
     /tmp/ccMavSyf.s:1884   .debug_loc:00000000000000d4 .LLST7
     /tmp/ccMavSyf.s:163    .text:00000000000000d8 .LBB34
     /tmp/ccMavSyf.s:171    .text:00000000000000e4 .LBE34
     /tmp/ccMavSyf.s:1899   .debug_loc:000000000000011c .LLST8
     /tmp/ccMavSyf.s:169    .text:00000000000000e4 .LVL13
     /tmp/ccMavSyf.s:172    .text:00000000000000e4 .LBB36
     /tmp/ccMavSyf.s:179    .text:00000000000000ec .LBE36
     /tmp/ccMavSyf.s:1907   .debug_loc:0000000000000140 .LLST9
     /tmp/ccMavSyf.s:1915   .debug_loc:0000000000000164 .LLST10
     /tmp/ccMavSyf.s:1922   .debug_loc:0000000000000187 .LLST11
     /tmp/ccMavSyf.s:60     .text:0000000000000044 .LFB12
     /tmp/ccMavSyf.s:138    .text:00000000000000c0 .LFE12
     /tmp/ccMavSyf.s:75     .text:0000000000000058 .LBB19
     /tmp/ccMavSyf.s:1929   .debug_loc:00000000000001aa .LLST1
     /tmp/ccMavSyf.s:1944   .debug_loc:00000000000001f2 .LLST2
     /tmp/ccMavSyf.s:1955   .debug_loc:0000000000000228 .LLST3
     /tmp/ccMavSyf.s:97     .text:000000000000008c .LBB21
     /tmp/ccMavSyf.s:104    .text:0000000000000094 .LBE21
     /tmp/ccMavSyf.s:1962   .debug_loc:000000000000024b .LLST4
     /tmp/ccMavSyf.s:101    .text:0000000000000094 .LVL6
     /tmp/ccMavSyf.s:2124   .debug_str:00000000000004ce .LASF55
     /tmp/ccMavSyf.s:2104   .debug_str:0000000000000419 .LASF56
     /tmp/ccMavSyf.s:37     .text:000000000000002c .LVL1
     /tmp/ccMavSyf.s:47     .text:0000000000000040 .LVL2
     /tmp/ccMavSyf.s:147    .text:00000000000000c0 .LVL10
     /tmp/ccMavSyf.s:167    .text:00000000000000dc .LVL12
     /tmp/ccMavSyf.s:206    .text:0000000000000124 .LVL16
     /tmp/ccMavSyf.s:210    .text:000000000000012c .LVL17
     /tmp/ccMavSyf.s:160    .text:00000000000000d8 .LVL11
     /tmp/ccMavSyf.s:194    .text:0000000000000118 .LVL15
     /tmp/ccMavSyf.s:177    .text:00000000000000ec .LVL14
     /tmp/ccMavSyf.s:74     .text:0000000000000058 .LVL3
     /tmp/ccMavSyf.s:120    .text:00000000000000ac .LVL7
     /tmp/ccMavSyf.s:132    .text:00000000000000bc .LVL9
     /tmp/ccMavSyf.s:81     .text:0000000000000064 .LVL4
     /tmp/ccMavSyf.s:128    .text:00000000000000b8 .LVL8
     /tmp/ccMavSyf.s:96     .text:000000000000008c .LVL5
     /tmp/ccMavSyf.s:273    .debug_info:0000000000000000 .Ldebug_info0
GAS LISTING /tmp/ccMavSyf.s 			page 12


     /tmp/ccMavSyf.s:106    .text:0000000000000094 .LBE19
     /tmp/ccMavSyf.s:123    .text:00000000000000ac .LBB24
     /tmp/ccMavSyf.s:134    .text:00000000000000bc .LBE24
     /tmp/ccMavSyf.s:196    .text:0000000000000118 .LBE32
     /tmp/ccMavSyf.s:213    .text:000000000000012c .LBB39
     /tmp/ccMavSyf.s:221    .text:0000000000000140 .LBE39

UNDEFINED SYMBOLS
__mem_free
__mem_alloc
